DEBUG - 2025-08-18 00:02:57 --> Session: Class initialized using 'CodeIgniter\Session\Handlers\FileHandler' driver.
DEBUG - 2025-08-18 00:03:02 --> Session: Class initialized using 'CodeIgniter\Session\Handlers\FileHandler' driver.
DEBUG - 2025-08-18 00:03:04 --> Session: Class initialized using 'CodeIgniter\Session\Handlers\FileHandler' driver.
DEBUG - 2025-08-18 00:03:08 --> Session: Class initialized using 'CodeIgniter\Session\Handlers\FileHandler' driver.
DEBUG - 2025-08-18 00:05:54 --> Session: Class initialized using 'CodeIgniter\Session\Handlers\FileHandler' driver.
DEBUG - 2025-08-18 00:06:18 --> Session: Class initialized using 'CodeIgniter\Session\Handlers\FileHandler' driver.
DEBUG - 2025-08-18 00:08:46 --> Session: Class initialized using 'CodeIgniter\Session\Handlers\FileHandler' driver.
DEBUG - 2025-08-18 00:08:51 --> Session: Class initialized using 'CodeIgniter\Session\Handlers\FileHandler' driver.
DEBUG - 2025-08-18 00:10:14 --> Session: Class initialized using 'CodeIgniter\Session\Handlers\FileHandler' driver.
DEBUG - 2025-08-18 00:10:18 --> Session: Class initialized using 'CodeIgniter\Session\Handlers\FileHandler' driver.
DEBUG - 2025-08-18 00:12:52 --> Session: Class initialized using 'CodeIgniter\Session\Handlers\FileHandler' driver.
DEBUG - 2025-08-18 00:14:59 --> Session: Class initialized using 'CodeIgniter\Session\Handlers\FileHandler' driver.
DEBUG - 2025-08-18 00:20:44 --> Session: Class initialized using 'CodeIgniter\Session\Handlers\FileHandler' driver.
DEBUG - 2025-08-18 00:20:47 --> Session: Class initialized using 'CodeIgniter\Session\Handlers\FileHandler' driver.
DEBUG - 2025-08-18 00:20:50 --> Session: Class initialized using 'CodeIgniter\Session\Handlers\FileHandler' driver.
DEBUG - 2025-08-18 00:20:56 --> Session: Class initialized using 'CodeIgniter\Session\Handlers\FileHandler' driver.
DEBUG - 2025-08-18 00:20:58 --> Session: Class initialized using 'CodeIgniter\Session\Handlers\FileHandler' driver.
DEBUG - 2025-08-18 00:23:10 --> Session: Class initialized using 'CodeIgniter\Session\Handlers\FileHandler' driver.
DEBUG - 2025-08-18 00:23:11 --> Session: Class initialized using 'CodeIgniter\Session\Handlers\FileHandler' driver.
DEBUG - 2025-08-18 00:26:30 --> Session: Class initialized using 'CodeIgniter\Session\Handlers\FileHandler' driver.
DEBUG - 2025-08-18 00:27:05 --> Session: Class initialized using 'CodeIgniter\Session\Handlers\FileHandler' driver.
DEBUG - 2025-08-18 00:27:09 --> Session: Class initialized using 'CodeIgniter\Session\Handlers\FileHandler' driver.
ERROR - 2025-08-18 00:27:51 --> mysqli_sql_exception: Table 'inventory_transactions' already exists in C:\xampp\htdocs\rmb_web\vendor\codeigniter4\framework\system\Database\MySQLi\Connection.php:327
Stack trace:
#0 C:\xampp\htdocs\rmb_web\vendor\codeigniter4\framework\system\Database\MySQLi\Connection.php(327): mysqli->query('CREATE TABLE `i...', 0)
#1 C:\xampp\htdocs\rmb_web\vendor\codeigniter4\framework\system\Database\BaseConnection.php(729): CodeIgniter\Database\MySQLi\Connection->execute('CREATE TABLE `i...')
#2 C:\xampp\htdocs\rmb_web\vendor\codeigniter4\framework\system\Database\BaseConnection.php(646): CodeIgniter\Database\BaseConnection->simpleQuery('CREATE TABLE `i...')
#3 C:\xampp\htdocs\rmb_web\vendor\codeigniter4\framework\system\Database\Forge.php(570): CodeIgniter\Database\BaseConnection->query('CREATE TABLE `i...')
#4 C:\xampp\htdocs\rmb_web\app\Database\Migrations\2025-08-12-163000_CreateInventoryTransactionsTable.php(101): CodeIgniter\Database\Forge->createTable('inventory_trans...')
#5 C:\xampp\htdocs\rmb_web\vendor\codeigniter4\framework\system\Database\MigrationRunner.php(876): App\Database\Migrations\CreateInventoryTransactionsTable->up()
#6 C:\xampp\htdocs\rmb_web\vendor\codeigniter4\framework\system\Database\MigrationRunner.php(182): CodeIgniter\Database\MigrationRunner->migrate('up', Object(stdClass))
#7 C:\xampp\htdocs\rmb_web\vendor\codeigniter4\framework\system\Commands\Database\Migrate.php(85): CodeIgniter\Database\MigrationRunner->latest(NULL)
#8 C:\xampp\htdocs\rmb_web\vendor\codeigniter4\framework\system\CLI\Commands.php(74): CodeIgniter\Commands\Database\Migrate->run(Array)
#9 C:\xampp\htdocs\rmb_web\vendor\codeigniter4\framework\system\CLI\Console.php(47): CodeIgniter\CLI\Commands->run('migrate', Array)
#10 C:\xampp\htdocs\rmb_web\vendor\codeigniter4\framework\system\Boot.php(388): CodeIgniter\CLI\Console->run()
#11 C:\xampp\htdocs\rmb_web\vendor\codeigniter4\framework\system\Boot.php(133): CodeIgniter\Boot::runCommand(Object(CodeIgniter\CLI\Console))
#12 C:\xampp\htdocs\rmb_web\spark(84): CodeIgniter\Boot::bootSpark(Object(Config\Paths))
#13 {main}
DEBUG - 2025-08-18 00:28:02 --> Session: Class initialized using 'CodeIgniter\Session\Handlers\FileHandler' driver.
DEBUG - 2025-08-18 00:28:04 --> Session: Class initialized using 'CodeIgniter\Session\Handlers\FileHandler' driver.
ERROR - 2025-08-18 00:34:23 --> mysqli_sql_exception: Table 'inventory_transactions' already exists in C:\xampp\htdocs\rmb_web\vendor\codeigniter4\framework\system\Database\MySQLi\Connection.php:327
Stack trace:
#0 C:\xampp\htdocs\rmb_web\vendor\codeigniter4\framework\system\Database\MySQLi\Connection.php(327): mysqli->query('CREATE TABLE `i...', 0)
#1 C:\xampp\htdocs\rmb_web\vendor\codeigniter4\framework\system\Database\BaseConnection.php(729): CodeIgniter\Database\MySQLi\Connection->execute('CREATE TABLE `i...')
#2 C:\xampp\htdocs\rmb_web\vendor\codeigniter4\framework\system\Database\BaseConnection.php(646): CodeIgniter\Database\BaseConnection->simpleQuery('CREATE TABLE `i...')
#3 C:\xampp\htdocs\rmb_web\vendor\codeigniter4\framework\system\Database\Forge.php(570): CodeIgniter\Database\BaseConnection->query('CREATE TABLE `i...')
#4 C:\xampp\htdocs\rmb_web\app\Database\Migrations\2025-08-12-163000_CreateInventoryTransactionsTable.php(101): CodeIgniter\Database\Forge->createTable('inventory_trans...')
#5 C:\xampp\htdocs\rmb_web\vendor\codeigniter4\framework\system\Database\MigrationRunner.php(876): App\Database\Migrations\CreateInventoryTransactionsTable->up()
#6 C:\xampp\htdocs\rmb_web\vendor\codeigniter4\framework\system\Database\MigrationRunner.php(182): CodeIgniter\Database\MigrationRunner->migrate('up', Object(stdClass))
#7 C:\xampp\htdocs\rmb_web\vendor\codeigniter4\framework\system\Commands\Database\Migrate.php(85): CodeIgniter\Database\MigrationRunner->latest(NULL)
#8 C:\xampp\htdocs\rmb_web\vendor\codeigniter4\framework\system\CLI\Commands.php(74): CodeIgniter\Commands\Database\Migrate->run(Array)
#9 C:\xampp\htdocs\rmb_web\vendor\codeigniter4\framework\system\CLI\Console.php(47): CodeIgniter\CLI\Commands->run('migrate', Array)
#10 C:\xampp\htdocs\rmb_web\vendor\codeigniter4\framework\system\Boot.php(388): CodeIgniter\CLI\Console->run()
#11 C:\xampp\htdocs\rmb_web\vendor\codeigniter4\framework\system\Boot.php(133): CodeIgniter\Boot::runCommand(Object(CodeIgniter\CLI\Console))
#12 C:\xampp\htdocs\rmb_web\spark(84): CodeIgniter\Boot::bootSpark(Object(Config\Paths))
#13 {main}
DEBUG - 2025-08-18 00:38:28 --> Session: Class initialized using 'CodeIgniter\Session\Handlers\FileHandler' driver.
DEBUG - 2025-08-18 00:38:30 --> Session: Class initialized using 'CodeIgniter\Session\Handlers\FileHandler' driver.
DEBUG - 2025-08-18 00:38:39 --> Session: Class initialized using 'CodeIgniter\Session\Handlers\FileHandler' driver.
DEBUG - 2025-08-18 00:38:39 --> Closing data: {"closing_date":"2025-08-18","opening_cash":50,"closing_cash":50,"cash_sales":0,"card_sales":0,"bank_transfer_sales":0,"online_sales":0,"total_sales":0,"total_transactions":"0","total_items_sold":0,"total_discounts":0,"total_tax":0,"cash_shortage":0,"closed_by":"2"}
DEBUG - 2025-08-18 00:41:38 --> Session: Class initialized using 'CodeIgniter\Session\Handlers\FileHandler' driver.
DEBUG - 2025-08-18 00:41:38 --> Admin ID from session: 2
DEBUG - 2025-08-18 00:41:38 --> Sale inserted with ID: 7
DEBUG - 2025-08-18 00:41:38 --> Sale number used: 202508180001
DEBUG - 2025-08-18 00:41:38 --> Product ID: 2, Available Quantity: 197, Requested: 1
DEBUG - 2025-08-18 00:41:39 --> Reservation result for product 2: {"success":true,"reserved_items":[{"inventory_id":"30","quantity":1}],"remaining_quantity":0}
DEBUG - 2025-08-18 00:41:39 --> Deduction result for product 2: success
DEBUG - 2025-08-18 00:41:39 --> Transaction completed. Status: SUCCESS
DEBUG - 2025-08-18 00:41:41 --> Session: Class initialized using 'CodeIgniter\Session\Handlers\FileHandler' driver.
DEBUG - 2025-08-18 00:42:43 --> Session: Class initialized using 'CodeIgniter\Session\Handlers\FileHandler' driver.
DEBUG - 2025-08-18 00:42:43 --> Admin ID from session: 2
DEBUG - 2025-08-18 00:42:43 --> Sale inserted with ID: 8
DEBUG - 2025-08-18 00:42:43 --> Sale number used: 202508180002
DEBUG - 2025-08-18 00:42:43 --> Product ID: 2, Available Quantity: 196, Requested: 1
DEBUG - 2025-08-18 00:42:43 --> Reservation result for product 2: {"success":true,"reserved_items":[{"inventory_id":"30","quantity":1}],"remaining_quantity":0}
DEBUG - 2025-08-18 00:42:43 --> Deduction result for product 2: success
DEBUG - 2025-08-18 00:42:43 --> Transaction completed. Status: SUCCESS
DEBUG - 2025-08-18 00:42:44 --> Session: Class initialized using 'CodeIgniter\Session\Handlers\FileHandler' driver.
DEBUG - 2025-08-18 00:46:59 --> Session: Class initialized using 'CodeIgniter\Session\Handlers\FileHandler' driver.
DEBUG - 2025-08-18 00:51:13 --> Session: Class initialized using 'CodeIgniter\Session\Handlers\FileHandler' driver.
DEBUG - 2025-08-18 00:52:49 --> Session: Class initialized using 'CodeIgniter\Session\Handlers\FileHandler' driver.
CRITICAL - 2025-08-18 00:52:49 --> ParseError: Unclosed '{' on line 15
[Method: GET, Route: admin/pos]
in APPPATH\Controllers\PosController.php on line 707.
 1 VENDORPATH\composer\ClassLoader.php(427): Composer\Autoload\{closure}('C:\\xampp\\htdocs\\rmb_web\\vendor\\composer/../../app/Controllers/PosController.php')
 2 [internal function]: Composer\Autoload\ClassLoader->loadClass('App\\Controllers\\PosController')
 3 SYSTEMPATH\CodeIgniter.php(885): class_exists('\\App\\Controllers\\PosController', true)
 4 SYSTEMPATH\CodeIgniter.php(494): CodeIgniter\CodeIgniter->startController()
 5 SYSTEMPATH\CodeIgniter.php(354): CodeIgniter\CodeIgniter->handleRequest(null, Object(Config\Cache), false)
 6 SYSTEMPATH\Boot.php(363): CodeIgniter\CodeIgniter->run()
 7 SYSTEMPATH\Boot.php(68): CodeIgniter\Boot::runCodeIgniter(Object(CodeIgniter\CodeIgniter))
 8 FCPATH\index.php(59): CodeIgniter\Boot::bootWeb(Object(Config\Paths))
 9 SYSTEMPATH\rewrite.php(44): require_once('C:\\xampp\\htdocs\\rmb_web\\public\\index.php')
DEBUG - 2025-08-18 00:52:52 --> Session: Class initialized using 'CodeIgniter\Session\Handlers\FileHandler' driver.
CRITICAL - 2025-08-18 00:52:52 --> ParseError: Unclosed '{' on line 15
[Method: GET, Route: admin/pos]
in APPPATH\Controllers\PosController.php on line 707.
 1 VENDORPATH\composer\ClassLoader.php(427): Composer\Autoload\{closure}('C:\\xampp\\htdocs\\rmb_web\\vendor\\composer/../../app/Controllers/PosController.php')
 2 [internal function]: Composer\Autoload\ClassLoader->loadClass('App\\Controllers\\PosController')
 3 SYSTEMPATH\CodeIgniter.php(885): class_exists('\\App\\Controllers\\PosController', true)
 4 SYSTEMPATH\CodeIgniter.php(494): CodeIgniter\CodeIgniter->startController()
 5 SYSTEMPATH\CodeIgniter.php(354): CodeIgniter\CodeIgniter->handleRequest(null, Object(Config\Cache), false)
 6 SYSTEMPATH\Boot.php(363): CodeIgniter\CodeIgniter->run()
 7 SYSTEMPATH\Boot.php(68): CodeIgniter\Boot::runCodeIgniter(Object(CodeIgniter\CodeIgniter))
 8 FCPATH\index.php(59): CodeIgniter\Boot::bootWeb(Object(Config\Paths))
 9 SYSTEMPATH\rewrite.php(44): require_once('C:\\xampp\\htdocs\\rmb_web\\public\\index.php')
DEBUG - 2025-08-18 00:53:47 --> Session: Class initialized using 'CodeIgniter\Session\Handlers\FileHandler' driver.
DEBUG - 2025-08-18 00:53:53 --> Session: Class initialized using 'CodeIgniter\Session\Handlers\FileHandler' driver.
DEBUG - 2025-08-18 00:53:53 --> Session: Class initialized using 'CodeIgniter\Session\Handlers\FileHandler' driver.
DEBUG - 2025-08-18 00:53:58 --> Session: Class initialized using 'CodeIgniter\Session\Handlers\FileHandler' driver.
DEBUG - 2025-08-18 00:54:02 --> Session: Class initialized using 'CodeIgniter\Session\Handlers\FileHandler' driver.
DEBUG - 2025-08-18 00:54:03 --> Admin ID from session: 2
DEBUG - 2025-08-18 00:54:03 --> Sale inserted with ID: 9
DEBUG - 2025-08-18 00:54:03 --> Sale number used: 202508180003
DEBUG - 2025-08-18 00:54:03 --> Product ID: 2, Available Quantity: 195, Requested: 1
DEBUG - 2025-08-18 00:54:03 --> Reservation result for product 2: {"success":true,"reserved_items":[{"inventory_id":"30","quantity":1}],"remaining_quantity":0}
DEBUG - 2025-08-18 00:54:03 --> Deduction result for product 2: success
DEBUG - 2025-08-18 00:54:03 --> Transaction completed. Status: SUCCESS
DEBUG - 2025-08-18 00:54:03 --> Session: Class initialized using 'CodeIgniter\Session\Handlers\FileHandler' driver.
DEBUG - 2025-08-18 00:54:35 --> Session: Class initialized using 'CodeIgniter\Session\Handlers\FileHandler' driver.
DEBUG - 2025-08-18 00:54:35 --> Sales data for closing: {"total_transactions":"3","total_sales":"4031.97","cash_sales":"4031.97","card_sales":"0.00","bank_transfer_sales":"0.00","online_sales":"0.00","total_discounts":"0.00","total_tax":"432.00"}
DEBUG - 2025-08-18 00:54:35 --> Closing data: {"closing_date":"2025-08-18","opening_cash":10,"closing_cash":4041.97,"cash_sales":"4031.97","card_sales":"0.00","bank_transfer_sales":"0.00","online_sales":"0.00","total_sales":"4031.97","total_transactions":"3","total_items_sold":0,"total_discounts":"0.00","total_tax":"432.00","cash_shortage":0,"closed_by":"2"}
DEBUG - 2025-08-18 00:59:24 --> Session: Class initialized using 'CodeIgniter\Session\Handlers\FileHandler' driver.
DEBUG - 2025-08-18 00:59:28 --> Session: Class initialized using 'CodeIgniter\Session\Handlers\FileHandler' driver.
DEBUG - 2025-08-18 00:59:38 --> Session: Class initialized using 'CodeIgniter\Session\Handlers\FileHandler' driver.
DEBUG - 2025-08-18 00:59:43 --> Session: Class initialized using 'CodeIgniter\Session\Handlers\FileHandler' driver.
DEBUG - 2025-08-18 00:59:48 --> Session: Class initialized using 'CodeIgniter\Session\Handlers\FileHandler' driver.
DEBUG - 2025-08-18 00:59:51 --> Session: Class initialized using 'CodeIgniter\Session\Handlers\FileHandler' driver.
DEBUG - 2025-08-18 01:00:32 --> Session: Class initialized using 'CodeIgniter\Session\Handlers\FileHandler' driver.
DEBUG - 2025-08-18 01:00:35 --> Session: Class initialized using 'CodeIgniter\Session\Handlers\FileHandler' driver.
DEBUG - 2025-08-18 01:00:42 --> Session: Class initialized using 'CodeIgniter\Session\Handlers\FileHandler' driver.
DEBUG - 2025-08-18 01:00:47 --> Session: Class initialized using 'CodeIgniter\Session\Handlers\FileHandler' driver.
DEBUG - 2025-08-18 01:00:57 --> Session: Class initialized using 'CodeIgniter\Session\Handlers\FileHandler' driver.
DEBUG - 2025-08-18 01:01:19 --> Session: Class initialized using 'CodeIgniter\Session\Handlers\FileHandler' driver.
DEBUG - 2025-08-18 01:01:23 --> Session: Class initialized using 'CodeIgniter\Session\Handlers\FileHandler' driver.
DEBUG - 2025-08-18 01:01:29 --> Session: Class initialized using 'CodeIgniter\Session\Handlers\FileHandler' driver.
DEBUG - 2025-08-18 01:01:29 --> Sales data for closing: {"total_transactions":"2","total_sales":"2687.98","cash_sales":"2687.98","card_sales":"0.00","bank_transfer_sales":"0.00","online_sales":"0.00","total_discounts":"0.00","total_tax":"288.00"}
DEBUG - 2025-08-18 01:01:29 --> Closing data: {"closing_date":"2025-08-18","opening_cash":5,"closing_cash":2692.98,"cash_sales":"2687.98","card_sales":"0.00","bank_transfer_sales":"0.00","online_sales":"0.00","total_sales":"2687.98","total_transactions":"2","total_items_sold":0,"total_discounts":"0.00","total_tax":"288.00","cash_shortage":0,"closed_by":"2"}
DEBUG - 2025-08-18 01:01:40 --> Session: Class initialized using 'CodeIgniter\Session\Handlers\FileHandler' driver.
DEBUG - 2025-08-18 01:01:43 --> Session: Class initialized using 'CodeIgniter\Session\Handlers\FileHandler' driver.
DEBUG - 2025-08-18 01:06:27 --> Session: Class initialized using 'CodeIgniter\Session\Handlers\FileHandler' driver.
DEBUG - 2025-08-18 01:06:30 --> Session: Class initialized using 'CodeIgniter\Session\Handlers\FileHandler' driver.
DEBUG - 2025-08-18 01:06:52 --> Session: Class initialized using 'CodeIgniter\Session\Handlers\FileHandler' driver.
DEBUG - 2025-08-18 01:06:55 --> Session: Class initialized using 'CodeIgniter\Session\Handlers\FileHandler' driver.
DEBUG - 2025-08-18 01:07:01 --> Session: Class initialized using 'CodeIgniter\Session\Handlers\FileHandler' driver.
DEBUG - 2025-08-18 01:07:01 --> Sales data for closing: {"total_transactions":"2","total_sales":"2687.98","cash_sales":"2687.98","card_sales":"0.00","bank_transfer_sales":"0.00","online_sales":"0.00","total_discounts":"0.00","total_tax":"288.00"}
DEBUG - 2025-08-18 01:07:01 --> Closing data: {"closing_date":"2025-08-18","opening_cash":5,"closing_cash":2692.98,"cash_sales":"2687.98","card_sales":"0.00","bank_transfer_sales":"0.00","online_sales":"0.00","total_sales":"2687.98","total_transactions":"2","total_items_sold":0,"total_discounts":"0.00","total_tax":"288.00","cash_shortage":0,"closed_by":"2"}
DEBUG - 2025-08-18 01:07:09 --> Session: Class initialized using 'CodeIgniter\Session\Handlers\FileHandler' driver.
DEBUG - 2025-08-18 01:07:11 --> Session: Class initialized using 'CodeIgniter\Session\Handlers\FileHandler' driver.
DEBUG - 2025-08-18 01:07:14 --> Session: Class initialized using 'CodeIgniter\Session\Handlers\FileHandler' driver.
DEBUG - 2025-08-18 01:07:15 --> Session: Class initialized using 'CodeIgniter\Session\Handlers\FileHandler' driver.
DEBUG - 2025-08-18 01:13:54 --> Session: Class initialized using 'CodeIgniter\Session\Handlers\FileHandler' driver.
DEBUG - 2025-08-18 01:13:56 --> Session: Class initialized using 'CodeIgniter\Session\Handlers\FileHandler' driver.
DEBUG - 2025-08-18 01:14:23 --> Session: Class initialized using 'CodeIgniter\Session\Handlers\FileHandler' driver.
DEBUG - 2025-08-18 01:14:24 --> Session: Class initialized using 'CodeIgniter\Session\Handlers\FileHandler' driver.
DEBUG - 2025-08-18 01:14:30 --> Session: Class initialized using 'CodeIgniter\Session\Handlers\FileHandler' driver.
DEBUG - 2025-08-18 01:14:30 --> Sales data for closing: {"total_transactions":"2","total_sales":"2687.98","cash_sales":"2687.98","card_sales":"0.00","bank_transfer_sales":"0.00","online_sales":"0.00","total_discounts":"0.00","total_tax":"288.00"}
DEBUG - 2025-08-18 01:14:30 --> Closing data: {"closing_date":"2025-08-18","opening_cash":5,"closing_cash":2692.98,"cash_sales":"2687.98","card_sales":"0.00","bank_transfer_sales":"0.00","online_sales":"0.00","total_sales":"2687.98","total_transactions":"2","total_items_sold":0,"total_discounts":"0.00","total_tax":"288.00","cash_shortage":0,"closed_by":"2"}
DEBUG - 2025-08-18 01:14:39 --> Session: Class initialized using 'CodeIgniter\Session\Handlers\FileHandler' driver.
DEBUG - 2025-08-18 01:14:40 --> Session: Class initialized using 'CodeIgniter\Session\Handlers\FileHandler' driver.
DEBUG - 2025-08-18 01:14:53 --> Session: Class initialized using 'CodeIgniter\Session\Handlers\FileHandler' driver.
DEBUG - 2025-08-18 01:14:54 --> Session: Class initialized using 'CodeIgniter\Session\Handlers\FileHandler' driver.
DEBUG - 2025-08-18 01:23:08 --> Session: Class initialized using 'CodeIgniter\Session\Handlers\FileHandler' driver.
DEBUG - 2025-08-18 01:23:14 --> Session: Class initialized using 'CodeIgniter\Session\Handlers\FileHandler' driver.
DEBUG - 2025-08-18 01:25:01 --> Session: Class initialized using 'CodeIgniter\Session\Handlers\FileHandler' driver.
DEBUG - 2025-08-18 01:25:02 --> Session: Class initialized using 'CodeIgniter\Session\Handlers\FileHandler' driver.
DEBUG - 2025-08-18 01:25:08 --> Session: Class initialized using 'CodeIgniter\Session\Handlers\FileHandler' driver.
DEBUG - 2025-08-18 01:25:08 --> Sales data for closing: {"total_transactions":"2","total_sales":"2687.98","cash_sales":"2687.98","card_sales":"0.00","bank_transfer_sales":"0.00","online_sales":"0.00","total_discounts":"0.00","total_tax":"288.00"}
DEBUG - 2025-08-18 01:25:08 --> Closing data: {"closing_date":"2025-08-18","opening_cash":5,"closing_cash":2692.98,"cash_sales":"2687.98","card_sales":"0.00","bank_transfer_sales":"0.00","online_sales":"0.00","total_sales":"2687.98","total_transactions":"2","total_items_sold":0,"total_discounts":"0.00","total_tax":"288.00","cash_shortage":0,"closed_by":"2"}
DEBUG - 2025-08-18 01:25:14 --> Session: Class initialized using 'CodeIgniter\Session\Handlers\FileHandler' driver.
DEBUG - 2025-08-18 01:25:15 --> Session: Class initialized using 'CodeIgniter\Session\Handlers\FileHandler' driver.
DEBUG - 2025-08-18 01:25:20 --> Session: Class initialized using 'CodeIgniter\Session\Handlers\FileHandler' driver.
DEBUG - 2025-08-18 01:25:21 --> Session: Class initialized using 'CodeIgniter\Session\Handlers\FileHandler' driver.
DEBUG - 2025-08-18 23:23:38 --> Session: Class initialized using 'CodeIgniter\Session\Handlers\FileHandler' driver.
DEBUG - 2025-08-18 23:23:38 --> Session: Class initialized using 'CodeIgniter\Session\Handlers\FileHandler' driver.
DEBUG - 2025-08-18 23:23:50 --> Session: Class initialized using 'CodeIgniter\Session\Handlers\FileHandler' driver.
INFO - 2025-08-18 23:23:50 --> Admin login successful: rainelson@gmail.com
DEBUG - 2025-08-18 23:23:51 --> Session: Class initialized using 'CodeIgniter\Session\Handlers\FileHandler' driver.
DEBUG - 2025-08-18 23:23:54 --> Session: Class initialized using 'CodeIgniter\Session\Handlers\FileHandler' driver.
DEBUG - 2025-08-18 23:23:55 --> Session: Class initialized using 'CodeIgniter\Session\Handlers\FileHandler' driver.
DEBUG - 2025-08-18 23:25:25 --> Session: Class initialized using 'CodeIgniter\Session\Handlers\FileHandler' driver.
DEBUG - 2025-08-18 23:26:36 --> Session: Class initialized using 'CodeIgniter\Session\Handlers\FileHandler' driver.
DEBUG - 2025-08-18 23:26:53 --> Session: Class initialized using 'CodeIgniter\Session\Handlers\FileHandler' driver.
DEBUG - 2025-08-18 23:29:31 --> Session: Class initialized using 'CodeIgniter\Session\Handlers\FileHandler' driver.
DEBUG - 2025-08-18 23:29:35 --> Session: Class initialized using 'CodeIgniter\Session\Handlers\FileHandler' driver.
DEBUG - 2025-08-18 23:29:36 --> Session: Class initialized using 'CodeIgniter\Session\Handlers\FileHandler' driver.
DEBUG - 2025-08-18 23:34:08 --> Session: Class initialized using 'CodeIgniter\Session\Handlers\FileHandler' driver.
DEBUG - 2025-08-18 23:34:10 --> Session: Class initialized using 'CodeIgniter\Session\Handlers\FileHandler' driver.
DEBUG - 2025-08-18 23:42:47 --> Session: Class initialized using 'CodeIgniter\Session\Handlers\FileHandler' driver.
DEBUG - 2025-08-18 23:42:49 --> Session: Class initialized using 'CodeIgniter\Session\Handlers\FileHandler' driver.
DEBUG - 2025-08-18 23:46:00 --> Session: Class initialized using 'CodeIgniter\Session\Handlers\FileHandler' driver.
DEBUG - 2025-08-18 23:46:03 --> Session: Class initialized using 'CodeIgniter\Session\Handlers\FileHandler' driver.
DEBUG - 2025-08-18 23:46:29 --> Session: Class initialized using 'CodeIgniter\Session\Handlers\FileHandler' driver.
DEBUG - 2025-08-18 23:46:31 --> Session: Class initialized using 'CodeIgniter\Session\Handlers\FileHandler' driver.
DEBUG - 2025-08-18 23:46:51 --> Session: Class initialized using 'CodeIgniter\Session\Handlers\FileHandler' driver.
DEBUG - 2025-08-18 23:46:53 --> Session: Class initialized using 'CodeIgniter\Session\Handlers\FileHandler' driver.
DEBUG - 2025-08-18 23:49:01 --> Session: Class initialized using 'CodeIgniter\Session\Handlers\FileHandler' driver.
DEBUG - 2025-08-18 23:49:06 --> Session: Class initialized using 'CodeIgniter\Session\Handlers\FileHandler' driver.
DEBUG - 2025-08-18 23:52:15 --> Session: Class initialized using 'CodeIgniter\Session\Handlers\FileHandler' driver.
DEBUG - 2025-08-18 23:52:18 --> Session: Class initialized using 'CodeIgniter\Session\Handlers\FileHandler' driver.
DEBUG - 2025-08-18 23:52:27 --> Session: Class initialized using 'CodeIgniter\Session\Handlers\FileHandler' driver.
DEBUG - 2025-08-18 23:52:30 --> Session: Class initialized using 'CodeIgniter\Session\Handlers\FileHandler' driver.
DEBUG - 2025-08-18 23:55:52 --> Session: Class initialized using 'CodeIgniter\Session\Handlers\FileHandler' driver.
DEBUG - 2025-08-18 23:55:59 --> Session: Class initialized using 'CodeIgniter\Session\Handlers\FileHandler' driver.
DEBUG - 2025-08-18 23:56:06 --> Session: Class initialized using 'CodeIgniter\Session\Handlers\FileHandler' driver.
DEBUG - 2025-08-18 23:56:11 --> Session: Class initialized using 'CodeIgniter\Session\Handlers\FileHandler' driver.
DEBUG - 2025-08-18 23:57:00 --> Session: Class initialized using 'CodeIgniter\Session\Handlers\FileHandler' driver.
DEBUG - 2025-08-18 23:57:07 --> Session: Class initialized using 'CodeIgniter\Session\Handlers\FileHandler' driver.
DEBUG - 2025-08-18 23:58:42 --> Session: Class initialized using 'CodeIgniter\Session\Handlers\FileHandler' driver.
DEBUG - 2025-08-18 23:59:11 --> Session: Class initialized using 'CodeIgniter\Session\Handlers\FileHandler' driver.
