DEBUG - 2025-08-17 00:04:30 --> Session: Class initialized using 'CodeIgniter\Session\Handlers\FileHandler' driver.
DEBUG - 2025-08-17 00:04:46 --> Session: Class initialized using 'CodeIgniter\Session\Handlers\FileHandler' driver.
DEBUG - 2025-08-17 00:08:00 --> Session: Class initialized using 'CodeIgniter\Session\Handlers\FileHandler' driver.
DEBUG - 2025-08-17 00:09:39 --> Session: Class initialized using 'CodeIgniter\Session\Handlers\FileHandler' driver.
DEBUG - 2025-08-17 00:19:33 --> Session: Class initialized using 'CodeIgniter\Session\Handlers\FileHandler' driver.
DEBUG - 2025-08-17 00:19:59 --> Session: Class initialized using 'CodeIgniter\Session\Handlers\FileHandler' driver.
DEBUG - 2025-08-17 00:20:06 --> Session: Class initialized using 'CodeIgniter\Session\Handlers\FileHandler' driver.
DEBUG - 2025-08-17 00:28:24 --> Session: Class initialized using 'CodeIgniter\Session\Handlers\FileHandler' driver.
DEBUG - 2025-08-17 00:32:35 --> Session: Class initialized using 'CodeIgniter\Session\Handlers\FileHandler' driver.
DEBUG - 2025-08-17 00:32:36 --> Session: Class initialized using 'CodeIgniter\Session\Handlers\FileHandler' driver.
WARNING - 2025-08-17 00:32:36 --> [DEPRECATED] Creation of dynamic property App\Controllers\ProductsController::$productGalleryModel is deprecated in APPPATH\Controllers\ProductsController.php on line 19.
 1 SYSTEMPATH\CodeIgniter.php(903): App\Controllers\ProductsController->__construct()
 2 SYSTEMPATH\CodeIgniter.php(498): CodeIgniter\CodeIgniter->createController()
 3 SYSTEMPATH\CodeIgniter.php(354): CodeIgniter\CodeIgniter->handleRequest(null, Object(Config\Cache), false)
 4 SYSTEMPATH\Boot.php(363): CodeIgniter\CodeIgniter->run()
 5 SYSTEMPATH\Boot.php(68): CodeIgniter\Boot::runCodeIgniter(Object(CodeIgniter\CodeIgniter))
 6 FCPATH\index.php(59): CodeIgniter\Boot::bootWeb(Object(Config\Paths))
 7 SYSTEMPATH\rewrite.php(44): require_once('C:\\xampp\\htdocs\\rmb_web\\public\\index.php')
DEBUG - 2025-08-17 00:32:42 --> Session: Class initialized using 'CodeIgniter\Session\Handlers\FileHandler' driver.
WARNING - 2025-08-17 00:32:42 --> [DEPRECATED] Creation of dynamic property App\Controllers\ProductsController::$productGalleryModel is deprecated in APPPATH\Controllers\ProductsController.php on line 19.
 1 SYSTEMPATH\CodeIgniter.php(903): App\Controllers\ProductsController->__construct()
 2 SYSTEMPATH\CodeIgniter.php(498): CodeIgniter\CodeIgniter->createController()
 3 SYSTEMPATH\CodeIgniter.php(354): CodeIgniter\CodeIgniter->handleRequest(null, Object(Config\Cache), false)
 4 SYSTEMPATH\Boot.php(363): CodeIgniter\CodeIgniter->run()
 5 SYSTEMPATH\Boot.php(68): CodeIgniter\Boot::runCodeIgniter(Object(CodeIgniter\CodeIgniter))
 6 FCPATH\index.php(59): CodeIgniter\Boot::bootWeb(Object(Config\Paths))
 7 SYSTEMPATH\rewrite.php(44): require_once('C:\\xampp\\htdocs\\rmb_web\\public\\index.php')
DEBUG - 2025-08-17 00:32:44 --> Session: Class initialized using 'CodeIgniter\Session\Handlers\FileHandler' driver.
DEBUG - 2025-08-17 00:43:48 --> Session: Class initialized using 'CodeIgniter\Session\Handlers\FileHandler' driver.
DEBUG - 2025-08-17 00:45:32 --> Session: Class initialized using 'CodeIgniter\Session\Handlers\FileHandler' driver.
DEBUG - 2025-08-17 00:46:48 --> Session: Class initialized using 'CodeIgniter\Session\Handlers\FileHandler' driver.
DEBUG - 2025-08-17 00:47:57 --> Session: Class initialized using 'CodeIgniter\Session\Handlers\FileHandler' driver.
DEBUG - 2025-08-17 00:50:21 --> Session: Class initialized using 'CodeIgniter\Session\Handlers\FileHandler' driver.
DEBUG - 2025-08-17 00:50:30 --> Session: Class initialized using 'CodeIgniter\Session\Handlers\FileHandler' driver.
DEBUG - 2025-08-17 00:50:44 --> Session: Class initialized using 'CodeIgniter\Session\Handlers\FileHandler' driver.
DEBUG - 2025-08-17 00:53:30 --> Session: Class initialized using 'CodeIgniter\Session\Handlers\FileHandler' driver.
DEBUG - 2025-08-17 00:59:58 --> Session: Class initialized using 'CodeIgniter\Session\Handlers\FileHandler' driver.
DEBUG - 2025-08-17 01:02:09 --> Session: Class initialized using 'CodeIgniter\Session\Handlers\FileHandler' driver.
DEBUG - 2025-08-17 01:03:11 --> Session: Class initialized using 'CodeIgniter\Session\Handlers\FileHandler' driver.
DEBUG - 2025-08-17 01:06:07 --> Session: Class initialized using 'CodeIgniter\Session\Handlers\FileHandler' driver.
DEBUG - 2025-08-17 01:06:14 --> Session: Class initialized using 'CodeIgniter\Session\Handlers\FileHandler' driver.
DEBUG - 2025-08-17 01:06:29 --> Session: Class initialized using 'CodeIgniter\Session\Handlers\FileHandler' driver.
DEBUG - 2025-08-17 01:08:58 --> Session: Class initialized using 'CodeIgniter\Session\Handlers\FileHandler' driver.
DEBUG - 2025-08-17 01:10:12 --> Session: Class initialized using 'CodeIgniter\Session\Handlers\FileHandler' driver.
DEBUG - 2025-08-17 01:10:48 --> Session: Class initialized using 'CodeIgniter\Session\Handlers\FileHandler' driver.
DEBUG - 2025-08-17 01:20:38 --> Session: Class initialized using 'CodeIgniter\Session\Handlers\FileHandler' driver.
DEBUG - 2025-08-17 01:21:42 --> Session: Class initialized using 'CodeIgniter\Session\Handlers\FileHandler' driver.
DEBUG - 2025-08-17 01:21:42 --> Session: Class initialized using 'CodeIgniter\Session\Handlers\FileHandler' driver.
DEBUG - 2025-08-17 01:21:58 --> Session: Class initialized using 'CodeIgniter\Session\Handlers\FileHandler' driver.
DEBUG - 2025-08-17 01:21:58 --> Session: Class initialized using 'CodeIgniter\Session\Handlers\FileHandler' driver.
DEBUG - 2025-08-17 01:26:28 --> Session: Class initialized using 'CodeIgniter\Session\Handlers\FileHandler' driver.
DEBUG - 2025-08-17 01:26:52 --> Session: Class initialized using 'CodeIgniter\Session\Handlers\FileHandler' driver.
ERROR - 2025-08-17 01:26:52 --> mysqli_sql_exception: Unknown column 'batch_number' in 'field list' in C:\xampp\htdocs\rmb_web\vendor\codeigniter4\framework\system\Database\MySQLi\Connection.php:327
Stack trace:
#0 C:\xampp\htdocs\rmb_web\vendor\codeigniter4\framework\system\Database\MySQLi\Connection.php(327): mysqli->query('INSERT INTO `in...', 0)
#1 C:\xampp\htdocs\rmb_web\vendor\codeigniter4\framework\system\Database\BaseConnection.php(729): CodeIgniter\Database\MySQLi\Connection->execute('INSERT INTO `in...')
#2 C:\xampp\htdocs\rmb_web\vendor\codeigniter4\framework\system\Database\BaseConnection.php(646): CodeIgniter\Database\BaseConnection->simpleQuery('INSERT INTO `in...')
#3 C:\xampp\htdocs\rmb_web\vendor\codeigniter4\framework\system\Database\BaseBuilder.php(1841): CodeIgniter\Database\BaseConnection->query('INSERT INTO `in...', NULL, false)
#4 C:\xampp\htdocs\rmb_web\vendor\codeigniter4\framework\system\Database\BaseBuilder.php(2230): CodeIgniter\Database\BaseBuilder->batchExecute('_insertBatch', 100)
#5 C:\xampp\htdocs\rmb_web\vendor\codeigniter4\framework\system\Model.php(428): CodeIgniter\Database\BaseBuilder->insertBatch(Array, NULL, 100)
#6 C:\xampp\htdocs\rmb_web\vendor\codeigniter4\framework\system\BaseModel.php(957): CodeIgniter\Model->doInsertBatch(Array, NULL, 100, false)
#7 C:\xampp\htdocs\rmb_web\app\Models\InventoryTransactionModel.php(129): CodeIgniter\BaseModel->insertBatch(Array)
#8 C:\xampp\htdocs\rmb_web\app\Controllers\PosController.php(212): App\Models\InventoryTransactionModel->recordSaleTransaction(false, 'SALE-', Array, '2')
#9 C:\xampp\htdocs\rmb_web\vendor\codeigniter4\framework\system\CodeIgniter.php(933): App\Controllers\PosController->processSale()
#10 C:\xampp\htdocs\rmb_web\vendor\codeigniter4\framework\system\CodeIgniter.php(507): CodeIgniter\CodeIgniter->runController(Object(App\Controllers\PosController))
#11 C:\xampp\htdocs\rmb_web\vendor\codeigniter4\framework\system\CodeIgniter.php(354): CodeIgniter\CodeIgniter->handleRequest(NULL, Object(Config\Cache), false)
#12 C:\xampp\htdocs\rmb_web\vendor\codeigniter4\framework\system\Boot.php(363): CodeIgniter\CodeIgniter->run()
#13 C:\xampp\htdocs\rmb_web\vendor\codeigniter4\framework\system\Boot.php(68): CodeIgniter\Boot::runCodeIgniter(Object(CodeIgniter\CodeIgniter))
#14 C:\xampp\htdocs\rmb_web\public\index.php(59): CodeIgniter\Boot::bootWeb(Object(Config\Paths))
#15 C:\xampp\htdocs\rmb_web\vendor\codeigniter4\framework\system\rewrite.php(44): require_once('C:\\xampp\\htdocs...')
#16 {main}
DEBUG - 2025-08-17 01:30:51 --> Session: Class initialized using 'CodeIgniter\Session\Handlers\FileHandler' driver.
DEBUG - 2025-08-17 01:31:04 --> Session: Class initialized using 'CodeIgniter\Session\Handlers\FileHandler' driver.
ERROR - 2025-08-17 01:31:04 --> mysqli_sql_exception: Unknown column 'batch_number' in 'field list' in C:\xampp\htdocs\rmb_web\vendor\codeigniter4\framework\system\Database\MySQLi\Connection.php:327
Stack trace:
#0 C:\xampp\htdocs\rmb_web\vendor\codeigniter4\framework\system\Database\MySQLi\Connection.php(327): mysqli->query('INSERT INTO `in...', 0)
#1 C:\xampp\htdocs\rmb_web\vendor\codeigniter4\framework\system\Database\BaseConnection.php(729): CodeIgniter\Database\MySQLi\Connection->execute('INSERT INTO `in...')
#2 C:\xampp\htdocs\rmb_web\vendor\codeigniter4\framework\system\Database\BaseConnection.php(646): CodeIgniter\Database\BaseConnection->simpleQuery('INSERT INTO `in...')
#3 C:\xampp\htdocs\rmb_web\vendor\codeigniter4\framework\system\Database\BaseBuilder.php(1841): CodeIgniter\Database\BaseConnection->query('INSERT INTO `in...', NULL, false)
#4 C:\xampp\htdocs\rmb_web\vendor\codeigniter4\framework\system\Database\BaseBuilder.php(2230): CodeIgniter\Database\BaseBuilder->batchExecute('_insertBatch', 100)
#5 C:\xampp\htdocs\rmb_web\vendor\codeigniter4\framework\system\Model.php(428): CodeIgniter\Database\BaseBuilder->insertBatch(Array, NULL, 100)
#6 C:\xampp\htdocs\rmb_web\vendor\codeigniter4\framework\system\BaseModel.php(957): CodeIgniter\Model->doInsertBatch(Array, NULL, 100, false)
#7 C:\xampp\htdocs\rmb_web\app\Models\InventoryTransactionModel.php(129): CodeIgniter\BaseModel->insertBatch(Array)
#8 C:\xampp\htdocs\rmb_web\app\Controllers\PosController.php(212): App\Models\InventoryTransactionModel->recordSaleTransaction(false, 'SALE-', Array, '2')
#9 C:\xampp\htdocs\rmb_web\vendor\codeigniter4\framework\system\CodeIgniter.php(933): App\Controllers\PosController->processSale()
#10 C:\xampp\htdocs\rmb_web\vendor\codeigniter4\framework\system\CodeIgniter.php(507): CodeIgniter\CodeIgniter->runController(Object(App\Controllers\PosController))
#11 C:\xampp\htdocs\rmb_web\vendor\codeigniter4\framework\system\CodeIgniter.php(354): CodeIgniter\CodeIgniter->handleRequest(NULL, Object(Config\Cache), false)
#12 C:\xampp\htdocs\rmb_web\vendor\codeigniter4\framework\system\Boot.php(363): CodeIgniter\CodeIgniter->run()
#13 C:\xampp\htdocs\rmb_web\vendor\codeigniter4\framework\system\Boot.php(68): CodeIgniter\Boot::runCodeIgniter(Object(CodeIgniter\CodeIgniter))
#14 C:\xampp\htdocs\rmb_web\public\index.php(59): CodeIgniter\Boot::bootWeb(Object(Config\Paths))
#15 C:\xampp\htdocs\rmb_web\vendor\codeigniter4\framework\system\rewrite.php(44): require_once('C:\\xampp\\htdocs...')
#16 {main}
DEBUG - 2025-08-17 01:33:18 --> Session: Class initialized using 'CodeIgniter\Session\Handlers\FileHandler' driver.
DEBUG - 2025-08-17 01:33:40 --> Session: Class initialized using 'CodeIgniter\Session\Handlers\FileHandler' driver.
ERROR - 2025-08-17 01:33:40 --> mysqli_sql_exception: Unknown column 'batch_number' in 'field list' in C:\xampp\htdocs\rmb_web\vendor\codeigniter4\framework\system\Database\MySQLi\Connection.php:327
Stack trace:
#0 C:\xampp\htdocs\rmb_web\vendor\codeigniter4\framework\system\Database\MySQLi\Connection.php(327): mysqli->query('INSERT INTO `in...', 0)
#1 C:\xampp\htdocs\rmb_web\vendor\codeigniter4\framework\system\Database\BaseConnection.php(729): CodeIgniter\Database\MySQLi\Connection->execute('INSERT INTO `in...')
#2 C:\xampp\htdocs\rmb_web\vendor\codeigniter4\framework\system\Database\BaseConnection.php(646): CodeIgniter\Database\BaseConnection->simpleQuery('INSERT INTO `in...')
#3 C:\xampp\htdocs\rmb_web\vendor\codeigniter4\framework\system\Database\BaseBuilder.php(1841): CodeIgniter\Database\BaseConnection->query('INSERT INTO `in...', NULL, false)
#4 C:\xampp\htdocs\rmb_web\vendor\codeigniter4\framework\system\Database\BaseBuilder.php(2230): CodeIgniter\Database\BaseBuilder->batchExecute('_insertBatch', 100)
#5 C:\xampp\htdocs\rmb_web\vendor\codeigniter4\framework\system\Model.php(428): CodeIgniter\Database\BaseBuilder->insertBatch(Array, NULL, 100)
#6 C:\xampp\htdocs\rmb_web\vendor\codeigniter4\framework\system\BaseModel.php(957): CodeIgniter\Model->doInsertBatch(Array, NULL, 100, false)
#7 C:\xampp\htdocs\rmb_web\app\Models\InventoryTransactionModel.php(129): CodeIgniter\BaseModel->insertBatch(Array)
#8 C:\xampp\htdocs\rmb_web\app\Controllers\PosController.php(214): App\Models\InventoryTransactionModel->recordSaleTransaction(false, 'SALE-', Array, '2')
#9 C:\xampp\htdocs\rmb_web\vendor\codeigniter4\framework\system\CodeIgniter.php(933): App\Controllers\PosController->processSale()
#10 C:\xampp\htdocs\rmb_web\vendor\codeigniter4\framework\system\CodeIgniter.php(507): CodeIgniter\CodeIgniter->runController(Object(App\Controllers\PosController))
#11 C:\xampp\htdocs\rmb_web\vendor\codeigniter4\framework\system\CodeIgniter.php(354): CodeIgniter\CodeIgniter->handleRequest(NULL, Object(Config\Cache), false)
#12 C:\xampp\htdocs\rmb_web\vendor\codeigniter4\framework\system\Boot.php(363): CodeIgniter\CodeIgniter->run()
#13 C:\xampp\htdocs\rmb_web\vendor\codeigniter4\framework\system\Boot.php(68): CodeIgniter\Boot::runCodeIgniter(Object(CodeIgniter\CodeIgniter))
#14 C:\xampp\htdocs\rmb_web\public\index.php(59): CodeIgniter\Boot::bootWeb(Object(Config\Paths))
#15 C:\xampp\htdocs\rmb_web\vendor\codeigniter4\framework\system\rewrite.php(44): require_once('C:\\xampp\\htdocs...')
#16 {main}
DEBUG - 2025-08-17 01:35:10 --> Session: Class initialized using 'CodeIgniter\Session\Handlers\FileHandler' driver.
DEBUG - 2025-08-17 01:35:18 --> Session: Class initialized using 'CodeIgniter\Session\Handlers\FileHandler' driver.
ERROR - 2025-08-17 01:35:18 --> mysqli_sql_exception: Unknown column 'batch_number' in 'field list' in C:\xampp\htdocs\rmb_web\vendor\codeigniter4\framework\system\Database\MySQLi\Connection.php:327
Stack trace:
#0 C:\xampp\htdocs\rmb_web\vendor\codeigniter4\framework\system\Database\MySQLi\Connection.php(327): mysqli->query('INSERT INTO `in...', 0)
#1 C:\xampp\htdocs\rmb_web\vendor\codeigniter4\framework\system\Database\BaseConnection.php(729): CodeIgniter\Database\MySQLi\Connection->execute('INSERT INTO `in...')
#2 C:\xampp\htdocs\rmb_web\vendor\codeigniter4\framework\system\Database\BaseConnection.php(646): CodeIgniter\Database\BaseConnection->simpleQuery('INSERT INTO `in...')
#3 C:\xampp\htdocs\rmb_web\vendor\codeigniter4\framework\system\Database\BaseBuilder.php(1841): CodeIgniter\Database\BaseConnection->query('INSERT INTO `in...', NULL, false)
#4 C:\xampp\htdocs\rmb_web\vendor\codeigniter4\framework\system\Database\BaseBuilder.php(2230): CodeIgniter\Database\BaseBuilder->batchExecute('_insertBatch', 100)
#5 C:\xampp\htdocs\rmb_web\vendor\codeigniter4\framework\system\Model.php(428): CodeIgniter\Database\BaseBuilder->insertBatch(Array, NULL, 100)
#6 C:\xampp\htdocs\rmb_web\vendor\codeigniter4\framework\system\BaseModel.php(957): CodeIgniter\Model->doInsertBatch(Array, NULL, 100, false)
#7 C:\xampp\htdocs\rmb_web\app\Models\InventoryTransactionModel.php(129): CodeIgniter\BaseModel->insertBatch(Array)
#8 C:\xampp\htdocs\rmb_web\app\Controllers\PosController.php(214): App\Models\InventoryTransactionModel->recordSaleTransaction(false, 'SALE-', Array, '2')
#9 C:\xampp\htdocs\rmb_web\vendor\codeigniter4\framework\system\CodeIgniter.php(933): App\Controllers\PosController->processSale()
#10 C:\xampp\htdocs\rmb_web\vendor\codeigniter4\framework\system\CodeIgniter.php(507): CodeIgniter\CodeIgniter->runController(Object(App\Controllers\PosController))
#11 C:\xampp\htdocs\rmb_web\vendor\codeigniter4\framework\system\CodeIgniter.php(354): CodeIgniter\CodeIgniter->handleRequest(NULL, Object(Config\Cache), false)
#12 C:\xampp\htdocs\rmb_web\vendor\codeigniter4\framework\system\Boot.php(363): CodeIgniter\CodeIgniter->run()
#13 C:\xampp\htdocs\rmb_web\vendor\codeigniter4\framework\system\Boot.php(68): CodeIgniter\Boot::runCodeIgniter(Object(CodeIgniter\CodeIgniter))
#14 C:\xampp\htdocs\rmb_web\public\index.php(59): CodeIgniter\Boot::bootWeb(Object(Config\Paths))
#15 C:\xampp\htdocs\rmb_web\vendor\codeigniter4\framework\system\rewrite.php(44): require_once('C:\\xampp\\htdocs...')
#16 {main}
DEBUG - 2025-08-17 01:41:50 --> Session: Class initialized using 'CodeIgniter\Session\Handlers\FileHandler' driver.
DEBUG - 2025-08-17 01:41:57 --> Session: Class initialized using 'CodeIgniter\Session\Handlers\FileHandler' driver.
DEBUG - 2025-08-17 01:41:57 --> Admin ID from session: 2
DEBUG - 2025-08-17 01:41:57 --> Product ID: 2, Available Quantity: 213, Requested: 1
DEBUG - 2025-08-17 01:41:57 --> Reservation result for product 2: {"success":true,"reserved_items":[{"inventory_id":"30","quantity":1}],"remaining_quantity":0}
DEBUG - 2025-08-17 01:41:57 --> Deduction result for product 2: success
ERROR - 2025-08-17 01:41:57 --> mysqli_sql_exception: Unknown column 'batch_number' in 'field list' in C:\xampp\htdocs\rmb_web\vendor\codeigniter4\framework\system\Database\MySQLi\Connection.php:327
Stack trace:
#0 C:\xampp\htdocs\rmb_web\vendor\codeigniter4\framework\system\Database\MySQLi\Connection.php(327): mysqli->query('INSERT INTO `in...', 0)
#1 C:\xampp\htdocs\rmb_web\vendor\codeigniter4\framework\system\Database\BaseConnection.php(729): CodeIgniter\Database\MySQLi\Connection->execute('INSERT INTO `in...')
#2 C:\xampp\htdocs\rmb_web\vendor\codeigniter4\framework\system\Database\BaseConnection.php(646): CodeIgniter\Database\BaseConnection->simpleQuery('INSERT INTO `in...')
#3 C:\xampp\htdocs\rmb_web\vendor\codeigniter4\framework\system\Database\BaseBuilder.php(1841): CodeIgniter\Database\BaseConnection->query('INSERT INTO `in...', NULL, false)
#4 C:\xampp\htdocs\rmb_web\vendor\codeigniter4\framework\system\Database\BaseBuilder.php(2230): CodeIgniter\Database\BaseBuilder->batchExecute('_insertBatch', 100)
#5 C:\xampp\htdocs\rmb_web\vendor\codeigniter4\framework\system\Model.php(428): CodeIgniter\Database\BaseBuilder->insertBatch(Array, NULL, 100)
#6 C:\xampp\htdocs\rmb_web\vendor\codeigniter4\framework\system\BaseModel.php(957): CodeIgniter\Model->doInsertBatch(Array, NULL, 100, false)
#7 C:\xampp\htdocs\rmb_web\app\Models\InventoryTransactionModel.php(129): CodeIgniter\BaseModel->insertBatch(Array)
#8 C:\xampp\htdocs\rmb_web\app\Controllers\PosController.php(224): App\Models\InventoryTransactionModel->recordSaleTransaction(false, 'SALE-', Array, '2')
#9 C:\xampp\htdocs\rmb_web\vendor\codeigniter4\framework\system\CodeIgniter.php(933): App\Controllers\PosController->processSale()
#10 C:\xampp\htdocs\rmb_web\vendor\codeigniter4\framework\system\CodeIgniter.php(507): CodeIgniter\CodeIgniter->runController(Object(App\Controllers\PosController))
#11 C:\xampp\htdocs\rmb_web\vendor\codeigniter4\framework\system\CodeIgniter.php(354): CodeIgniter\CodeIgniter->handleRequest(NULL, Object(Config\Cache), false)
#12 C:\xampp\htdocs\rmb_web\vendor\codeigniter4\framework\system\Boot.php(363): CodeIgniter\CodeIgniter->run()
#13 C:\xampp\htdocs\rmb_web\vendor\codeigniter4\framework\system\Boot.php(68): CodeIgniter\Boot::runCodeIgniter(Object(CodeIgniter\CodeIgniter))
#14 C:\xampp\htdocs\rmb_web\public\index.php(59): CodeIgniter\Boot::bootWeb(Object(Config\Paths))
#15 C:\xampp\htdocs\rmb_web\vendor\codeigniter4\framework\system\rewrite.php(44): require_once('C:\\xampp\\htdocs...')
#16 {main}
DEBUG - 2025-08-17 01:42:07 --> Session: Class initialized using 'CodeIgniter\Session\Handlers\FileHandler' driver.
DEBUG - 2025-08-17 01:42:17 --> Session: Class initialized using 'CodeIgniter\Session\Handlers\FileHandler' driver.
DEBUG - 2025-08-17 01:42:17 --> Admin ID from session: 2
DEBUG - 2025-08-17 01:42:17 --> Product ID: 1, Available Quantity: 196, Requested: 1
DEBUG - 2025-08-17 01:42:17 --> Reservation result for product 1: {"success":true,"reserved_items":[{"inventory_id":"1","quantity":1}],"remaining_quantity":0}
DEBUG - 2025-08-17 01:42:17 --> Deduction result for product 1: success
ERROR - 2025-08-17 01:42:17 --> mysqli_sql_exception: Unknown column 'batch_number' in 'field list' in C:\xampp\htdocs\rmb_web\vendor\codeigniter4\framework\system\Database\MySQLi\Connection.php:327
Stack trace:
#0 C:\xampp\htdocs\rmb_web\vendor\codeigniter4\framework\system\Database\MySQLi\Connection.php(327): mysqli->query('INSERT INTO `in...', 0)
#1 C:\xampp\htdocs\rmb_web\vendor\codeigniter4\framework\system\Database\BaseConnection.php(729): CodeIgniter\Database\MySQLi\Connection->execute('INSERT INTO `in...')
#2 C:\xampp\htdocs\rmb_web\vendor\codeigniter4\framework\system\Database\BaseConnection.php(646): CodeIgniter\Database\BaseConnection->simpleQuery('INSERT INTO `in...')
#3 C:\xampp\htdocs\rmb_web\vendor\codeigniter4\framework\system\Database\BaseBuilder.php(1841): CodeIgniter\Database\BaseConnection->query('INSERT INTO `in...', NULL, false)
#4 C:\xampp\htdocs\rmb_web\vendor\codeigniter4\framework\system\Database\BaseBuilder.php(2230): CodeIgniter\Database\BaseBuilder->batchExecute('_insertBatch', 100)
#5 C:\xampp\htdocs\rmb_web\vendor\codeigniter4\framework\system\Model.php(428): CodeIgniter\Database\BaseBuilder->insertBatch(Array, NULL, 100)
#6 C:\xampp\htdocs\rmb_web\vendor\codeigniter4\framework\system\BaseModel.php(957): CodeIgniter\Model->doInsertBatch(Array, NULL, 100, false)
#7 C:\xampp\htdocs\rmb_web\app\Models\InventoryTransactionModel.php(129): CodeIgniter\BaseModel->insertBatch(Array)
#8 C:\xampp\htdocs\rmb_web\app\Controllers\PosController.php(224): App\Models\InventoryTransactionModel->recordSaleTransaction(false, 'SALE-', Array, '2')
#9 C:\xampp\htdocs\rmb_web\vendor\codeigniter4\framework\system\CodeIgniter.php(933): App\Controllers\PosController->processSale()
#10 C:\xampp\htdocs\rmb_web\vendor\codeigniter4\framework\system\CodeIgniter.php(507): CodeIgniter\CodeIgniter->runController(Object(App\Controllers\PosController))
#11 C:\xampp\htdocs\rmb_web\vendor\codeigniter4\framework\system\CodeIgniter.php(354): CodeIgniter\CodeIgniter->handleRequest(NULL, Object(Config\Cache), false)
#12 C:\xampp\htdocs\rmb_web\vendor\codeigniter4\framework\system\Boot.php(363): CodeIgniter\CodeIgniter->run()
#13 C:\xampp\htdocs\rmb_web\vendor\codeigniter4\framework\system\Boot.php(68): CodeIgniter\Boot::runCodeIgniter(Object(CodeIgniter\CodeIgniter))
#14 C:\xampp\htdocs\rmb_web\public\index.php(59): CodeIgniter\Boot::bootWeb(Object(Config\Paths))
#15 C:\xampp\htdocs\rmb_web\vendor\codeigniter4\framework\system\rewrite.php(44): require_once('C:\\xampp\\htdocs...')
#16 {main}
DEBUG - 2025-08-17 01:42:32 --> Session: Class initialized using 'CodeIgniter\Session\Handlers\FileHandler' driver.
DEBUG - 2025-08-17 01:42:55 --> Session: Class initialized using 'CodeIgniter\Session\Handlers\FileHandler' driver.
DEBUG - 2025-08-17 01:42:55 --> Admin ID from session: 2
DEBUG - 2025-08-17 01:42:55 --> Product ID: 1, Available Quantity: 196, Requested: 1
DEBUG - 2025-08-17 01:42:55 --> Reservation result for product 1: {"success":true,"reserved_items":[{"inventory_id":"1","quantity":1}],"remaining_quantity":0}
DEBUG - 2025-08-17 01:42:55 --> Deduction result for product 1: success
ERROR - 2025-08-17 01:42:55 --> mysqli_sql_exception: Unknown column 'batch_number' in 'field list' in C:\xampp\htdocs\rmb_web\vendor\codeigniter4\framework\system\Database\MySQLi\Connection.php:327
Stack trace:
#0 C:\xampp\htdocs\rmb_web\vendor\codeigniter4\framework\system\Database\MySQLi\Connection.php(327): mysqli->query('INSERT INTO `in...', 0)
#1 C:\xampp\htdocs\rmb_web\vendor\codeigniter4\framework\system\Database\BaseConnection.php(729): CodeIgniter\Database\MySQLi\Connection->execute('INSERT INTO `in...')
#2 C:\xampp\htdocs\rmb_web\vendor\codeigniter4\framework\system\Database\BaseConnection.php(646): CodeIgniter\Database\BaseConnection->simpleQuery('INSERT INTO `in...')
#3 C:\xampp\htdocs\rmb_web\vendor\codeigniter4\framework\system\Database\BaseBuilder.php(1841): CodeIgniter\Database\BaseConnection->query('INSERT INTO `in...', NULL, false)
#4 C:\xampp\htdocs\rmb_web\vendor\codeigniter4\framework\system\Database\BaseBuilder.php(2230): CodeIgniter\Database\BaseBuilder->batchExecute('_insertBatch', 100)
#5 C:\xampp\htdocs\rmb_web\vendor\codeigniter4\framework\system\Model.php(428): CodeIgniter\Database\BaseBuilder->insertBatch(Array, NULL, 100)
#6 C:\xampp\htdocs\rmb_web\vendor\codeigniter4\framework\system\BaseModel.php(957): CodeIgniter\Model->doInsertBatch(Array, NULL, 100, false)
#7 C:\xampp\htdocs\rmb_web\app\Models\InventoryTransactionModel.php(129): CodeIgniter\BaseModel->insertBatch(Array)
#8 C:\xampp\htdocs\rmb_web\app\Controllers\PosController.php(224): App\Models\InventoryTransactionModel->recordSaleTransaction(false, 'SALE-', Array, '2')
#9 C:\xampp\htdocs\rmb_web\vendor\codeigniter4\framework\system\CodeIgniter.php(933): App\Controllers\PosController->processSale()
#10 C:\xampp\htdocs\rmb_web\vendor\codeigniter4\framework\system\CodeIgniter.php(507): CodeIgniter\CodeIgniter->runController(Object(App\Controllers\PosController))
#11 C:\xampp\htdocs\rmb_web\vendor\codeigniter4\framework\system\CodeIgniter.php(354): CodeIgniter\CodeIgniter->handleRequest(NULL, Object(Config\Cache), false)
#12 C:\xampp\htdocs\rmb_web\vendor\codeigniter4\framework\system\Boot.php(363): CodeIgniter\CodeIgniter->run()
#13 C:\xampp\htdocs\rmb_web\vendor\codeigniter4\framework\system\Boot.php(68): CodeIgniter\Boot::runCodeIgniter(Object(CodeIgniter\CodeIgniter))
#14 C:\xampp\htdocs\rmb_web\public\index.php(59): CodeIgniter\Boot::bootWeb(Object(Config\Paths))
#15 C:\xampp\htdocs\rmb_web\vendor\codeigniter4\framework\system\rewrite.php(44): require_once('C:\\xampp\\htdocs...')
#16 {main}
DEBUG - 2025-08-17 01:45:21 --> Session: Class initialized using 'CodeIgniter\Session\Handlers\FileHandler' driver.
DEBUG - 2025-08-17 01:45:35 --> Session: Class initialized using 'CodeIgniter\Session\Handlers\FileHandler' driver.
DEBUG - 2025-08-17 01:45:35 --> Admin ID from session: 2
DEBUG - 2025-08-17 01:45:35 --> Product ID: 2, Available Quantity: 213, Requested: 1
DEBUG - 2025-08-17 01:45:35 --> Reservation result for product 2: {"success":true,"reserved_items":[{"inventory_id":"30","quantity":1}],"remaining_quantity":0}
DEBUG - 2025-08-17 01:45:35 --> Deduction result for product 2: success
ERROR - 2025-08-17 01:45:35 --> mysqli_sql_exception: Unknown column 'inventory_id' in 'field list' in C:\xampp\htdocs\rmb_web\vendor\codeigniter4\framework\system\Database\MySQLi\Connection.php:327
Stack trace:
#0 C:\xampp\htdocs\rmb_web\vendor\codeigniter4\framework\system\Database\MySQLi\Connection.php(327): mysqli->query('INSERT INTO `in...', 0)
#1 C:\xampp\htdocs\rmb_web\vendor\codeigniter4\framework\system\Database\BaseConnection.php(729): CodeIgniter\Database\MySQLi\Connection->execute('INSERT INTO `in...')
#2 C:\xampp\htdocs\rmb_web\vendor\codeigniter4\framework\system\Database\BaseConnection.php(646): CodeIgniter\Database\BaseConnection->simpleQuery('INSERT INTO `in...')
#3 C:\xampp\htdocs\rmb_web\vendor\codeigniter4\framework\system\Database\BaseBuilder.php(1841): CodeIgniter\Database\BaseConnection->query('INSERT INTO `in...', NULL, false)
#4 C:\xampp\htdocs\rmb_web\vendor\codeigniter4\framework\system\Database\BaseBuilder.php(2230): CodeIgniter\Database\BaseBuilder->batchExecute('_insertBatch', 100)
#5 C:\xampp\htdocs\rmb_web\vendor\codeigniter4\framework\system\Model.php(428): CodeIgniter\Database\BaseBuilder->insertBatch(Array, NULL, 100)
#6 C:\xampp\htdocs\rmb_web\vendor\codeigniter4\framework\system\BaseModel.php(957): CodeIgniter\Model->doInsertBatch(Array, NULL, 100, false)
#7 C:\xampp\htdocs\rmb_web\app\Models\InventoryTransactionModel.php(127): CodeIgniter\BaseModel->insertBatch(Array)
#8 C:\xampp\htdocs\rmb_web\app\Controllers\PosController.php(224): App\Models\InventoryTransactionModel->recordSaleTransaction(false, 'SALE-', Array, '2')
#9 C:\xampp\htdocs\rmb_web\vendor\codeigniter4\framework\system\CodeIgniter.php(933): App\Controllers\PosController->processSale()
#10 C:\xampp\htdocs\rmb_web\vendor\codeigniter4\framework\system\CodeIgniter.php(507): CodeIgniter\CodeIgniter->runController(Object(App\Controllers\PosController))
#11 C:\xampp\htdocs\rmb_web\vendor\codeigniter4\framework\system\CodeIgniter.php(354): CodeIgniter\CodeIgniter->handleRequest(NULL, Object(Config\Cache), false)
#12 C:\xampp\htdocs\rmb_web\vendor\codeigniter4\framework\system\Boot.php(363): CodeIgniter\CodeIgniter->run()
#13 C:\xampp\htdocs\rmb_web\vendor\codeigniter4\framework\system\Boot.php(68): CodeIgniter\Boot::runCodeIgniter(Object(CodeIgniter\CodeIgniter))
#14 C:\xampp\htdocs\rmb_web\public\index.php(59): CodeIgniter\Boot::bootWeb(Object(Config\Paths))
#15 C:\xampp\htdocs\rmb_web\vendor\codeigniter4\framework\system\rewrite.php(44): require_once('C:\\xampp\\htdocs...')
#16 {main}
DEBUG - 2025-08-17 01:45:39 --> Session: Class initialized using 'CodeIgniter\Session\Handlers\FileHandler' driver.
DEBUG - 2025-08-17 01:45:41 --> Session: Class initialized using 'CodeIgniter\Session\Handlers\FileHandler' driver.
DEBUG - 2025-08-17 01:45:55 --> Session: Class initialized using 'CodeIgniter\Session\Handlers\FileHandler' driver.
DEBUG - 2025-08-17 01:46:42 --> Session: Class initialized using 'CodeIgniter\Session\Handlers\FileHandler' driver.
DEBUG - 2025-08-17 01:46:52 --> Session: Class initialized using 'CodeIgniter\Session\Handlers\FileHandler' driver.
DEBUG - 2025-08-17 01:46:52 --> Admin ID from session: 2
DEBUG - 2025-08-17 01:46:52 --> Product ID: 2, Available Quantity: 213, Requested: 1
DEBUG - 2025-08-17 01:46:52 --> Reservation result for product 2: {"success":true,"reserved_items":[{"inventory_id":"30","quantity":1}],"remaining_quantity":0}
DEBUG - 2025-08-17 01:46:52 --> Deduction result for product 2: success
ERROR - 2025-08-17 01:46:52 --> mysqli_sql_exception: Unknown column 'inventory_id' in 'field list' in C:\xampp\htdocs\rmb_web\vendor\codeigniter4\framework\system\Database\MySQLi\Connection.php:327
Stack trace:
#0 C:\xampp\htdocs\rmb_web\vendor\codeigniter4\framework\system\Database\MySQLi\Connection.php(327): mysqli->query('INSERT INTO `in...', 0)
#1 C:\xampp\htdocs\rmb_web\vendor\codeigniter4\framework\system\Database\BaseConnection.php(729): CodeIgniter\Database\MySQLi\Connection->execute('INSERT INTO `in...')
#2 C:\xampp\htdocs\rmb_web\vendor\codeigniter4\framework\system\Database\BaseConnection.php(646): CodeIgniter\Database\BaseConnection->simpleQuery('INSERT INTO `in...')
#3 C:\xampp\htdocs\rmb_web\vendor\codeigniter4\framework\system\Database\BaseBuilder.php(1841): CodeIgniter\Database\BaseConnection->query('INSERT INTO `in...', NULL, false)
#4 C:\xampp\htdocs\rmb_web\vendor\codeigniter4\framework\system\Database\BaseBuilder.php(2230): CodeIgniter\Database\BaseBuilder->batchExecute('_insertBatch', 100)
#5 C:\xampp\htdocs\rmb_web\vendor\codeigniter4\framework\system\Model.php(428): CodeIgniter\Database\BaseBuilder->insertBatch(Array, NULL, 100)
#6 C:\xampp\htdocs\rmb_web\vendor\codeigniter4\framework\system\BaseModel.php(957): CodeIgniter\Model->doInsertBatch(Array, NULL, 100, false)
#7 C:\xampp\htdocs\rmb_web\app\Models\InventoryTransactionModel.php(127): CodeIgniter\BaseModel->insertBatch(Array)
#8 C:\xampp\htdocs\rmb_web\app\Controllers\PosController.php(224): App\Models\InventoryTransactionModel->recordSaleTransaction(false, 'SALE-', Array, '2')
#9 C:\xampp\htdocs\rmb_web\vendor\codeigniter4\framework\system\CodeIgniter.php(933): App\Controllers\PosController->processSale()
#10 C:\xampp\htdocs\rmb_web\vendor\codeigniter4\framework\system\CodeIgniter.php(507): CodeIgniter\CodeIgniter->runController(Object(App\Controllers\PosController))
#11 C:\xampp\htdocs\rmb_web\vendor\codeigniter4\framework\system\CodeIgniter.php(354): CodeIgniter\CodeIgniter->handleRequest(NULL, Object(Config\Cache), false)
#12 C:\xampp\htdocs\rmb_web\vendor\codeigniter4\framework\system\Boot.php(363): CodeIgniter\CodeIgniter->run()
#13 C:\xampp\htdocs\rmb_web\vendor\codeigniter4\framework\system\Boot.php(68): CodeIgniter\Boot::runCodeIgniter(Object(CodeIgniter\CodeIgniter))
#14 C:\xampp\htdocs\rmb_web\public\index.php(59): CodeIgniter\Boot::bootWeb(Object(Config\Paths))
#15 C:\xampp\htdocs\rmb_web\vendor\codeigniter4\framework\system\rewrite.php(44): require_once('C:\\xampp\\htdocs...')
#16 {main}
DEBUG - 2025-08-17 01:49:39 --> Session: Class initialized using 'CodeIgniter\Session\Handlers\FileHandler' driver.
DEBUG - 2025-08-17 01:49:47 --> Session: Class initialized using 'CodeIgniter\Session\Handlers\FileHandler' driver.
DEBUG - 2025-08-17 01:49:47 --> Admin ID from session: 2
DEBUG - 2025-08-17 01:49:47 --> Product ID: 2, Available Quantity: 213, Requested: 1
DEBUG - 2025-08-17 01:49:47 --> Reservation result for product 2: {"success":true,"reserved_items":[{"inventory_id":"30","quantity":1}],"remaining_quantity":0}
DEBUG - 2025-08-17 01:49:47 --> Deduction result for product 2: success
ERROR - 2025-08-17 01:49:47 --> mysqli_sql_exception: You have an error in your SQL syntax; check the manual that corresponds to your MariaDB server version for the right syntax to use near ' `created_at`, `created_by`, `notes`, `product_id`, `quantity`, `reference_id...' at line 1 in C:\xampp\htdocs\rmb_web\vendor\codeigniter4\framework\system\Database\MySQLi\Connection.php:327
Stack trace:
#0 C:\xampp\htdocs\rmb_web\vendor\codeigniter4\framework\system\Database\MySQLi\Connection.php(327): mysqli->query('INSERT INTO `in...', 0)
#1 C:\xampp\htdocs\rmb_web\vendor\codeigniter4\framework\system\Database\BaseConnection.php(729): CodeIgniter\Database\MySQLi\Connection->execute('INSERT INTO `in...')
#2 C:\xampp\htdocs\rmb_web\vendor\codeigniter4\framework\system\Database\BaseConnection.php(646): CodeIgniter\Database\BaseConnection->simpleQuery('INSERT INTO `in...')
#3 C:\xampp\htdocs\rmb_web\vendor\codeigniter4\framework\system\Database\BaseBuilder.php(1841): CodeIgniter\Database\BaseConnection->query('INSERT INTO `in...', NULL, false)
#4 C:\xampp\htdocs\rmb_web\vendor\codeigniter4\framework\system\Database\BaseBuilder.php(2230): CodeIgniter\Database\BaseBuilder->batchExecute('_insertBatch', 100)
#5 C:\xampp\htdocs\rmb_web\vendor\codeigniter4\framework\system\Model.php(428): CodeIgniter\Database\BaseBuilder->insertBatch(Array, NULL, 100)
#6 C:\xampp\htdocs\rmb_web\vendor\codeigniter4\framework\system\BaseModel.php(957): CodeIgniter\Model->doInsertBatch(Array, NULL, 100, false)
#7 C:\xampp\htdocs\rmb_web\app\Models\InventoryTransactionModel.php(124): CodeIgniter\BaseModel->insertBatch(Array)
#8 C:\xampp\htdocs\rmb_web\app\Controllers\PosController.php(224): App\Models\InventoryTransactionModel->recordSaleTransaction(false, 'SALE-', Array, '2')
#9 C:\xampp\htdocs\rmb_web\vendor\codeigniter4\framework\system\CodeIgniter.php(933): App\Controllers\PosController->processSale()
#10 C:\xampp\htdocs\rmb_web\vendor\codeigniter4\framework\system\CodeIgniter.php(507): CodeIgniter\CodeIgniter->runController(Object(App\Controllers\PosController))
#11 C:\xampp\htdocs\rmb_web\vendor\codeigniter4\framework\system\CodeIgniter.php(354): CodeIgniter\CodeIgniter->handleRequest(NULL, Object(Config\Cache), false)
#12 C:\xampp\htdocs\rmb_web\vendor\codeigniter4\framework\system\Boot.php(363): CodeIgniter\CodeIgniter->run()
#13 C:\xampp\htdocs\rmb_web\vendor\codeigniter4\framework\system\Boot.php(68): CodeIgniter\Boot::runCodeIgniter(Object(CodeIgniter\CodeIgniter))
#14 C:\xampp\htdocs\rmb_web\public\index.php(59): CodeIgniter\Boot::bootWeb(Object(Config\Paths))
#15 C:\xampp\htdocs\rmb_web\vendor\codeigniter4\framework\system\rewrite.php(44): require_once('C:\\xampp\\htdocs...')
#16 {main}
DEBUG - 2025-08-17 01:49:51 --> Session: Class initialized using 'CodeIgniter\Session\Handlers\FileHandler' driver.
DEBUG - 2025-08-17 01:49:59 --> Session: Class initialized using 'CodeIgniter\Session\Handlers\FileHandler' driver.
DEBUG - 2025-08-17 01:49:59 --> Admin ID from session: 2
DEBUG - 2025-08-17 01:49:59 --> Product ID: 2, Available Quantity: 213, Requested: 1
DEBUG - 2025-08-17 01:49:59 --> Reservation result for product 2: {"success":true,"reserved_items":[{"inventory_id":"30","quantity":1}],"remaining_quantity":0}
DEBUG - 2025-08-17 01:49:59 --> Deduction result for product 2: success
ERROR - 2025-08-17 01:49:59 --> mysqli_sql_exception: You have an error in your SQL syntax; check the manual that corresponds to your MariaDB server version for the right syntax to use near ' `created_at`, `created_by`, `notes`, `product_id`, `quantity`, `reference_id...' at line 1 in C:\xampp\htdocs\rmb_web\vendor\codeigniter4\framework\system\Database\MySQLi\Connection.php:327
Stack trace:
#0 C:\xampp\htdocs\rmb_web\vendor\codeigniter4\framework\system\Database\MySQLi\Connection.php(327): mysqli->query('INSERT INTO `in...', 0)
#1 C:\xampp\htdocs\rmb_web\vendor\codeigniter4\framework\system\Database\BaseConnection.php(729): CodeIgniter\Database\MySQLi\Connection->execute('INSERT INTO `in...')
#2 C:\xampp\htdocs\rmb_web\vendor\codeigniter4\framework\system\Database\BaseConnection.php(646): CodeIgniter\Database\BaseConnection->simpleQuery('INSERT INTO `in...')
#3 C:\xampp\htdocs\rmb_web\vendor\codeigniter4\framework\system\Database\BaseBuilder.php(1841): CodeIgniter\Database\BaseConnection->query('INSERT INTO `in...', NULL, false)
#4 C:\xampp\htdocs\rmb_web\vendor\codeigniter4\framework\system\Database\BaseBuilder.php(2230): CodeIgniter\Database\BaseBuilder->batchExecute('_insertBatch', 100)
#5 C:\xampp\htdocs\rmb_web\vendor\codeigniter4\framework\system\Model.php(428): CodeIgniter\Database\BaseBuilder->insertBatch(Array, NULL, 100)
#6 C:\xampp\htdocs\rmb_web\vendor\codeigniter4\framework\system\BaseModel.php(957): CodeIgniter\Model->doInsertBatch(Array, NULL, 100, false)
#7 C:\xampp\htdocs\rmb_web\app\Models\InventoryTransactionModel.php(124): CodeIgniter\BaseModel->insertBatch(Array)
#8 C:\xampp\htdocs\rmb_web\app\Controllers\PosController.php(224): App\Models\InventoryTransactionModel->recordSaleTransaction(false, 'SALE-', Array, '2')
#9 C:\xampp\htdocs\rmb_web\vendor\codeigniter4\framework\system\CodeIgniter.php(933): App\Controllers\PosController->processSale()
#10 C:\xampp\htdocs\rmb_web\vendor\codeigniter4\framework\system\CodeIgniter.php(507): CodeIgniter\CodeIgniter->runController(Object(App\Controllers\PosController))
#11 C:\xampp\htdocs\rmb_web\vendor\codeigniter4\framework\system\CodeIgniter.php(354): CodeIgniter\CodeIgniter->handleRequest(NULL, Object(Config\Cache), false)
#12 C:\xampp\htdocs\rmb_web\vendor\codeigniter4\framework\system\Boot.php(363): CodeIgniter\CodeIgniter->run()
#13 C:\xampp\htdocs\rmb_web\vendor\codeigniter4\framework\system\Boot.php(68): CodeIgniter\Boot::runCodeIgniter(Object(CodeIgniter\CodeIgniter))
#14 C:\xampp\htdocs\rmb_web\public\index.php(59): CodeIgniter\Boot::bootWeb(Object(Config\Paths))
#15 C:\xampp\htdocs\rmb_web\vendor\codeigniter4\framework\system\rewrite.php(44): require_once('C:\\xampp\\htdocs...')
#16 {main}
DEBUG - 2025-08-17 01:55:49 --> Session: Class initialized using 'CodeIgniter\Session\Handlers\FileHandler' driver.
DEBUG - 2025-08-17 01:55:57 --> Session: Class initialized using 'CodeIgniter\Session\Handlers\FileHandler' driver.
DEBUG - 2025-08-17 01:55:57 --> Admin ID from session: 2
DEBUG - 2025-08-17 01:55:57 --> Product ID: 2, Available Quantity: 213, Requested: 1
DEBUG - 2025-08-17 01:55:57 --> Reservation result for product 2: {"success":true,"reserved_items":[{"inventory_id":"30","quantity":1}],"remaining_quantity":0}
DEBUG - 2025-08-17 01:55:57 --> Deduction result for product 2: success
DEBUG - 2025-08-17 01:58:18 --> Session: Class initialized using 'CodeIgniter\Session\Handlers\FileHandler' driver.
DEBUG - 2025-08-17 01:58:26 --> Session: Class initialized using 'CodeIgniter\Session\Handlers\FileHandler' driver.
DEBUG - 2025-08-17 01:58:26 --> Admin ID from session: 2
DEBUG - 2025-08-17 01:58:26 --> Product ID: 2, Available Quantity: 212, Requested: 1
DEBUG - 2025-08-17 01:58:26 --> Reservation result for product 2: {"success":true,"reserved_items":[{"inventory_id":"30","quantity":1}],"remaining_quantity":0}
DEBUG - 2025-08-17 01:58:26 --> Deduction result for product 2: success
DEBUG - 2025-08-17 04:26:30 --> Session: Class initialized using 'CodeIgniter\Session\Handlers\FileHandler' driver.
DEBUG - 2025-08-17 04:26:30 --> Session: Class initialized using 'CodeIgniter\Session\Handlers\FileHandler' driver.
DEBUG - 2025-08-17 04:26:48 --> Session: Class initialized using 'CodeIgniter\Session\Handlers\FileHandler' driver.
INFO - 2025-08-17 04:26:48 --> Admin login successful: rainelson@gmail.com
DEBUG - 2025-08-17 04:26:48 --> Session: Class initialized using 'CodeIgniter\Session\Handlers\FileHandler' driver.
DEBUG - 2025-08-17 04:26:53 --> Session: Class initialized using 'CodeIgniter\Session\Handlers\FileHandler' driver.
DEBUG - 2025-08-17 04:27:09 --> Session: Class initialized using 'CodeIgniter\Session\Handlers\FileHandler' driver.
DEBUG - 2025-08-17 04:27:09 --> Admin ID from session: 2
DEBUG - 2025-08-17 04:27:09 --> Product ID: 2, Available Quantity: 211, Requested: 1
DEBUG - 2025-08-17 04:27:09 --> Reservation result for product 2: {"success":true,"reserved_items":[{"inventory_id":"30","quantity":1}],"remaining_quantity":0}
DEBUG - 2025-08-17 04:27:09 --> Deduction result for product 2: success
DEBUG - 2025-08-17 04:30:58 --> Session: Class initialized using 'CodeIgniter\Session\Handlers\FileHandler' driver.
DEBUG - 2025-08-17 04:31:16 --> Session: Class initialized using 'CodeIgniter\Session\Handlers\FileHandler' driver.
DEBUG - 2025-08-17 04:31:16 --> Admin ID from session: 2
DEBUG - 2025-08-17 04:31:16 --> Product ID: 2, Available Quantity: 210, Requested: 1
DEBUG - 2025-08-17 04:31:16 --> Reservation result for product 2: {"success":true,"reserved_items":[{"inventory_id":"30","quantity":1}],"remaining_quantity":0}
DEBUG - 2025-08-17 04:31:16 --> Deduction result for product 2: success
DEBUG - 2025-08-17 04:31:16 --> Sale data retrieved: null
DEBUG - 2025-08-17 04:34:33 --> Session: Class initialized using 'CodeIgniter\Session\Handlers\FileHandler' driver.
DEBUG - 2025-08-17 04:34:41 --> Session: Class initialized using 'CodeIgniter\Session\Handlers\FileHandler' driver.
DEBUG - 2025-08-17 04:34:41 --> Admin ID from session: 2
DEBUG - 2025-08-17 04:34:41 --> Product ID: 2, Available Quantity: 209, Requested: 1
DEBUG - 2025-08-17 04:34:41 --> Reservation result for product 2: {"success":true,"reserved_items":[{"inventory_id":"30","quantity":1}],"remaining_quantity":0}
DEBUG - 2025-08-17 04:34:41 --> Deduction result for product 2: success
DEBUG - 2025-08-17 04:34:41 --> Sale data retrieved: null
DEBUG - 2025-08-17 04:40:34 --> Session: Class initialized using 'CodeIgniter\Session\Handlers\FileHandler' driver.
DEBUG - 2025-08-17 04:40:51 --> Session: Class initialized using 'CodeIgniter\Session\Handlers\FileHandler' driver.
DEBUG - 2025-08-17 04:41:17 --> Session: Class initialized using 'CodeIgniter\Session\Handlers\FileHandler' driver.
DEBUG - 2025-08-17 04:43:33 --> Session: Class initialized using 'CodeIgniter\Session\Handlers\FileHandler' driver.
DEBUG - 2025-08-17 04:45:07 --> Session: Class initialized using 'CodeIgniter\Session\Handlers\FileHandler' driver.
DEBUG - 2025-08-17 04:45:17 --> Session: Class initialized using 'CodeIgniter\Session\Handlers\FileHandler' driver.
DEBUG - 2025-08-17 04:48:39 --> Session: Class initialized using 'CodeIgniter\Session\Handlers\FileHandler' driver.
DEBUG - 2025-08-17 04:54:27 --> Session: Class initialized using 'CodeIgniter\Session\Handlers\FileHandler' driver.
DEBUG - 2025-08-17 04:58:05 --> Session: Class initialized using 'CodeIgniter\Session\Handlers\FileHandler' driver.
DEBUG - 2025-08-17 04:58:15 --> Session: Class initialized using 'CodeIgniter\Session\Handlers\FileHandler' driver.
DEBUG - 2025-08-17 04:58:15 --> Admin ID from session: 2
DEBUG - 2025-08-17 04:58:16 --> Product ID: 2, Available Quantity: 208, Requested: 1
DEBUG - 2025-08-17 04:58:16 --> Reservation result for product 2: {"success":true,"reserved_items":[{"inventory_id":"30","quantity":1}],"remaining_quantity":0}
DEBUG - 2025-08-17 04:58:16 --> Deduction result for product 2: success
DEBUG - 2025-08-17 05:01:33 --> Session: Class initialized using 'CodeIgniter\Session\Handlers\FileHandler' driver.
DEBUG - 2025-08-17 05:01:43 --> Session: Class initialized using 'CodeIgniter\Session\Handlers\FileHandler' driver.
DEBUG - 2025-08-17 05:01:43 --> Admin ID from session: 2
DEBUG - 2025-08-17 05:01:43 --> Product ID: 2, Available Quantity: 207, Requested: 1
DEBUG - 2025-08-17 05:01:43 --> Reservation result for product 2: {"success":true,"reserved_items":[{"inventory_id":"30","quantity":1}],"remaining_quantity":0}
DEBUG - 2025-08-17 05:01:43 --> Deduction result for product 2: success
DEBUG - 2025-08-17 05:04:13 --> Session: Class initialized using 'CodeIgniter\Session\Handlers\FileHandler' driver.
DEBUG - 2025-08-17 05:04:22 --> Session: Class initialized using 'CodeIgniter\Session\Handlers\FileHandler' driver.
DEBUG - 2025-08-17 05:04:22 --> Admin ID from session: 2
DEBUG - 2025-08-17 05:04:22 --> Product ID: 2, Available Quantity: 206, Requested: 1
DEBUG - 2025-08-17 05:04:22 --> Reservation result for product 2: {"success":true,"reserved_items":[{"inventory_id":"30","quantity":1}],"remaining_quantity":0}
DEBUG - 2025-08-17 05:04:22 --> Deduction result for product 2: success
DEBUG - 2025-08-17 05:08:26 --> Session: Class initialized using 'CodeIgniter\Session\Handlers\FileHandler' driver.
DEBUG - 2025-08-17 05:08:40 --> Session: Class initialized using 'CodeIgniter\Session\Handlers\FileHandler' driver.
DEBUG - 2025-08-17 05:08:40 --> Admin ID from session: 2
DEBUG - 2025-08-17 05:08:40 --> Product ID: 2, Available Quantity: 205, Requested: 1
DEBUG - 2025-08-17 05:08:40 --> Reservation result for product 2: {"success":true,"reserved_items":[{"inventory_id":"30","quantity":1}],"remaining_quantity":0}
DEBUG - 2025-08-17 05:08:40 --> Deduction result for product 2: success
DEBUG - 2025-08-17 05:10:38 --> Session: Class initialized using 'CodeIgniter\Session\Handlers\FileHandler' driver.
DEBUG - 2025-08-17 05:10:39 --> Session: Class initialized using 'CodeIgniter\Session\Handlers\FileHandler' driver.
DEBUG - 2025-08-17 05:10:40 --> Session: Class initialized using 'CodeIgniter\Session\Handlers\FileHandler' driver.
DEBUG - 2025-08-17 05:10:40 --> Session: Class initialized using 'CodeIgniter\Session\Handlers\FileHandler' driver.
DEBUG - 2025-08-17 05:10:54 --> Session: Class initialized using 'CodeIgniter\Session\Handlers\FileHandler' driver.
INFO - 2025-08-17 05:10:54 --> Admin login successful: rainelson@gmail.com
DEBUG - 2025-08-17 05:10:54 --> Session: Class initialized using 'CodeIgniter\Session\Handlers\FileHandler' driver.
DEBUG - 2025-08-17 05:10:57 --> Session: Class initialized using 'CodeIgniter\Session\Handlers\FileHandler' driver.
WARNING - 2025-08-17 05:10:57 --> [DEPRECATED] Creation of dynamic property App\Controllers\ProductsController::$productGalleryModel is deprecated in APPPATH\Controllers\ProductsController.php on line 19.
 1 SYSTEMPATH\CodeIgniter.php(903): App\Controllers\ProductsController->__construct()
 2 SYSTEMPATH\CodeIgniter.php(498): CodeIgniter\CodeIgniter->createController()
 3 SYSTEMPATH\CodeIgniter.php(354): CodeIgniter\CodeIgniter->handleRequest(null, Object(Config\Cache), false)
 4 SYSTEMPATH\Boot.php(363): CodeIgniter\CodeIgniter->run()
 5 SYSTEMPATH\Boot.php(68): CodeIgniter\Boot::runCodeIgniter(Object(CodeIgniter\CodeIgniter))
 6 FCPATH\index.php(59): CodeIgniter\Boot::bootWeb(Object(Config\Paths))
 7 SYSTEMPATH\rewrite.php(44): require_once('C:\\xampp\\htdocs\\rmb_web\\public\\index.php')
DEBUG - 2025-08-17 05:11:51 --> Session: Class initialized using 'CodeIgniter\Session\Handlers\FileHandler' driver.
DEBUG - 2025-08-17 05:14:50 --> Session: Class initialized using 'CodeIgniter\Session\Handlers\FileHandler' driver.
DEBUG - 2025-08-17 05:14:52 --> Session: Class initialized using 'CodeIgniter\Session\Handlers\FileHandler' driver.
DEBUG - 2025-08-17 05:15:03 --> Session: Class initialized using 'CodeIgniter\Session\Handlers\FileHandler' driver.
DEBUG - 2025-08-17 05:15:03 --> Admin ID from session: 2
DEBUG - 2025-08-17 05:15:03 --> Product ID: 2, Available Quantity: 204, Requested: 1
DEBUG - 2025-08-17 05:15:03 --> Reservation result for product 2: {"success":true,"reserved_items":[{"inventory_id":"30","quantity":1}],"remaining_quantity":0}
DEBUG - 2025-08-17 05:15:03 --> Deduction result for product 2: success
DEBUG - 2025-08-17 05:15:03 --> Session: Class initialized using 'CodeIgniter\Session\Handlers\FileHandler' driver.
DEBUG - 2025-08-17 05:15:03 --> Admin ID from session: 2
DEBUG - 2025-08-17 05:15:03 --> Product ID: 2, Available Quantity: 203, Requested: 1
DEBUG - 2025-08-17 05:15:03 --> Reservation result for product 2: {"success":true,"reserved_items":[{"inventory_id":"30","quantity":1}],"remaining_quantity":0}
DEBUG - 2025-08-17 05:15:03 --> Deduction result for product 2: success
DEBUG - 2025-08-17 05:15:04 --> Session: Class initialized using 'CodeIgniter\Session\Handlers\FileHandler' driver.
DEBUG - 2025-08-17 05:15:04 --> Session: Class initialized using 'CodeIgniter\Session\Handlers\FileHandler' driver.
DEBUG - 2025-08-17 05:15:25 --> Session: Class initialized using 'CodeIgniter\Session\Handlers\FileHandler' driver.
DEBUG - 2025-08-17 05:18:47 --> Session: Class initialized using 'CodeIgniter\Session\Handlers\FileHandler' driver.
DEBUG - 2025-08-17 05:18:48 --> Session: Class initialized using 'CodeIgniter\Session\Handlers\FileHandler' driver.
DEBUG - 2025-08-17 05:18:56 --> Session: Class initialized using 'CodeIgniter\Session\Handlers\FileHandler' driver.
DEBUG - 2025-08-17 05:18:56 --> Admin ID from session: 2
DEBUG - 2025-08-17 05:18:56 --> Sale inserted with ID: 1
DEBUG - 2025-08-17 05:18:56 --> Sale number used: 202508170001
DEBUG - 2025-08-17 05:18:56 --> Product ID: 2, Available Quantity: 202, Requested: 1
DEBUG - 2025-08-17 05:18:56 --> Reservation result for product 2: {"success":true,"reserved_items":[{"inventory_id":"30","quantity":1}],"remaining_quantity":0}
DEBUG - 2025-08-17 05:18:56 --> Deduction result for product 2: success
DEBUG - 2025-08-17 05:18:56 --> Transaction completed. Status: SUCCESS
DEBUG - 2025-08-17 05:18:57 --> Session: Class initialized using 'CodeIgniter\Session\Handlers\FileHandler' driver.
DEBUG - 2025-08-17 05:22:43 --> Session: Class initialized using 'CodeIgniter\Session\Handlers\FileHandler' driver.
DEBUG - 2025-08-17 05:22:45 --> Session: Class initialized using 'CodeIgniter\Session\Handlers\FileHandler' driver.
DEBUG - 2025-08-17 05:23:09 --> Session: Class initialized using 'CodeIgniter\Session\Handlers\FileHandler' driver.
DEBUG - 2025-08-17 05:23:11 --> Session: Class initialized using 'CodeIgniter\Session\Handlers\FileHandler' driver.
DEBUG - 2025-08-17 05:23:13 --> Session: Class initialized using 'CodeIgniter\Session\Handlers\FileHandler' driver.
DEBUG - 2025-08-17 05:26:33 --> Session: Class initialized using 'CodeIgniter\Session\Handlers\FileHandler' driver.
DEBUG - 2025-08-17 05:26:37 --> Session: Class initialized using 'CodeIgniter\Session\Handlers\FileHandler' driver.
DEBUG - 2025-08-17 05:27:34 --> Session: Class initialized using 'CodeIgniter\Session\Handlers\FileHandler' driver.
DEBUG - 2025-08-17 05:27:37 --> Session: Class initialized using 'CodeIgniter\Session\Handlers\FileHandler' driver.
DEBUG - 2025-08-17 05:28:17 --> Session: Class initialized using 'CodeIgniter\Session\Handlers\FileHandler' driver.
DEBUG - 2025-08-17 05:28:20 --> Session: Class initialized using 'CodeIgniter\Session\Handlers\FileHandler' driver.
DEBUG - 2025-08-17 05:30:10 --> Session: Class initialized using 'CodeIgniter\Session\Handlers\FileHandler' driver.
DEBUG - 2025-08-17 05:30:12 --> Session: Class initialized using 'CodeIgniter\Session\Handlers\FileHandler' driver.
DEBUG - 2025-08-17 05:30:17 --> Session: Class initialized using 'CodeIgniter\Session\Handlers\FileHandler' driver.
DEBUG - 2025-08-17 05:30:24 --> Session: Class initialized using 'CodeIgniter\Session\Handlers\FileHandler' driver.
DEBUG - 2025-08-17 05:34:25 --> Session: Class initialized using 'CodeIgniter\Session\Handlers\FileHandler' driver.
DEBUG - 2025-08-17 05:34:26 --> Session: Class initialized using 'CodeIgniter\Session\Handlers\FileHandler' driver.
DEBUG - 2025-08-17 05:37:58 --> Session: Class initialized using 'CodeIgniter\Session\Handlers\FileHandler' driver.
DEBUG - 2025-08-17 05:38:00 --> Session: Class initialized using 'CodeIgniter\Session\Handlers\FileHandler' driver.
DEBUG - 2025-08-17 05:38:52 --> Session: Class initialized using 'CodeIgniter\Session\Handlers\FileHandler' driver.
DEBUG - 2025-08-17 05:38:54 --> Session: Class initialized using 'CodeIgniter\Session\Handlers\FileHandler' driver.
DEBUG - 2025-08-17 05:38:58 --> Session: Class initialized using 'CodeIgniter\Session\Handlers\FileHandler' driver.
DEBUG - 2025-08-17 05:38:59 --> Session: Class initialized using 'CodeIgniter\Session\Handlers\FileHandler' driver.
DEBUG - 2025-08-17 05:39:10 --> Session: Class initialized using 'CodeIgniter\Session\Handlers\FileHandler' driver.
DEBUG - 2025-08-17 05:39:12 --> Session: Class initialized using 'CodeIgniter\Session\Handlers\FileHandler' driver.
DEBUG - 2025-08-17 05:40:44 --> Session: Class initialized using 'CodeIgniter\Session\Handlers\FileHandler' driver.
DEBUG - 2025-08-17 05:40:52 --> Session: Class initialized using 'CodeIgniter\Session\Handlers\FileHandler' driver.
DEBUG - 2025-08-17 05:40:55 --> Session: Class initialized using 'CodeIgniter\Session\Handlers\FileHandler' driver.
DEBUG - 2025-08-17 05:40:56 --> Session: Class initialized using 'CodeIgniter\Session\Handlers\FileHandler' driver.
DEBUG - 2025-08-17 05:41:55 --> Session: Class initialized using 'CodeIgniter\Session\Handlers\FileHandler' driver.
DEBUG - 2025-08-17 05:41:57 --> Session: Class initialized using 'CodeIgniter\Session\Handlers\FileHandler' driver.
DEBUG - 2025-08-17 05:43:16 --> Session: Class initialized using 'CodeIgniter\Session\Handlers\FileHandler' driver.
DEBUG - 2025-08-17 05:43:17 --> Session: Class initialized using 'CodeIgniter\Session\Handlers\FileHandler' driver.
DEBUG - 2025-08-17 05:43:30 --> Session: Class initialized using 'CodeIgniter\Session\Handlers\FileHandler' driver.
DEBUG - 2025-08-17 05:43:42 --> Session: Class initialized using 'CodeIgniter\Session\Handlers\FileHandler' driver.
DEBUG - 2025-08-17 05:44:16 --> Session: Class initialized using 'CodeIgniter\Session\Handlers\FileHandler' driver.
DEBUG - 2025-08-17 05:44:20 --> Session: Class initialized using 'CodeIgniter\Session\Handlers\FileHandler' driver.
DEBUG - 2025-08-17 05:44:26 --> Session: Class initialized using 'CodeIgniter\Session\Handlers\FileHandler' driver.
DEBUG - 2025-08-17 05:44:29 --> Session: Class initialized using 'CodeIgniter\Session\Handlers\FileHandler' driver.
DEBUG - 2025-08-17 05:45:07 --> Session: Class initialized using 'CodeIgniter\Session\Handlers\FileHandler' driver.
DEBUG - 2025-08-17 05:45:09 --> Session: Class initialized using 'CodeIgniter\Session\Handlers\FileHandler' driver.
DEBUG - 2025-08-17 05:46:16 --> Session: Class initialized using 'CodeIgniter\Session\Handlers\FileHandler' driver.
DEBUG - 2025-08-17 05:46:19 --> Session: Class initialized using 'CodeIgniter\Session\Handlers\FileHandler' driver.
DEBUG - 2025-08-17 05:46:37 --> Session: Class initialized using 'CodeIgniter\Session\Handlers\FileHandler' driver.
DEBUG - 2025-08-17 05:46:44 --> Session: Class initialized using 'CodeIgniter\Session\Handlers\FileHandler' driver.
DEBUG - 2025-08-17 05:47:07 --> Session: Class initialized using 'CodeIgniter\Session\Handlers\FileHandler' driver.
DEBUG - 2025-08-17 05:47:09 --> Session: Class initialized using 'CodeIgniter\Session\Handlers\FileHandler' driver.
DEBUG - 2025-08-17 05:49:04 --> Session: Class initialized using 'CodeIgniter\Session\Handlers\FileHandler' driver.
DEBUG - 2025-08-17 05:49:07 --> Session: Class initialized using 'CodeIgniter\Session\Handlers\FileHandler' driver.
DEBUG - 2025-08-17 05:53:01 --> Session: Class initialized using 'CodeIgniter\Session\Handlers\FileHandler' driver.
DEBUG - 2025-08-17 05:53:03 --> Session: Class initialized using 'CodeIgniter\Session\Handlers\FileHandler' driver.
DEBUG - 2025-08-17 05:53:42 --> Session: Class initialized using 'CodeIgniter\Session\Handlers\FileHandler' driver.
DEBUG - 2025-08-17 05:53:43 --> Session: Class initialized using 'CodeIgniter\Session\Handlers\FileHandler' driver.
DEBUG - 2025-08-17 05:53:45 --> Session: Class initialized using 'CodeIgniter\Session\Handlers\FileHandler' driver.
DEBUG - 2025-08-17 05:56:55 --> Session: Class initialized using 'CodeIgniter\Session\Handlers\FileHandler' driver.
DEBUG - 2025-08-17 05:57:45 --> Session: Class initialized using 'CodeIgniter\Session\Handlers\FileHandler' driver.
DEBUG - 2025-08-17 05:58:16 --> Session: Class initialized using 'CodeIgniter\Session\Handlers\FileHandler' driver.
DEBUG - 2025-08-17 05:58:18 --> Session: Class initialized using 'CodeIgniter\Session\Handlers\FileHandler' driver.
DEBUG - 2025-08-17 05:58:23 --> Session: Class initialized using 'CodeIgniter\Session\Handlers\FileHandler' driver.
DEBUG - 2025-08-17 05:58:30 --> Session: Class initialized using 'CodeIgniter\Session\Handlers\FileHandler' driver.
DEBUG - 2025-08-17 06:00:38 --> Session: Class initialized using 'CodeIgniter\Session\Handlers\FileHandler' driver.
DEBUG - 2025-08-17 06:00:43 --> Session: Class initialized using 'CodeIgniter\Session\Handlers\FileHandler' driver.
DEBUG - 2025-08-17 06:00:48 --> Session: Class initialized using 'CodeIgniter\Session\Handlers\FileHandler' driver.
DEBUG - 2025-08-17 06:02:11 --> Session: Class initialized using 'CodeIgniter\Session\Handlers\FileHandler' driver.
DEBUG - 2025-08-17 06:11:11 --> Session: Class initialized using 'CodeIgniter\Session\Handlers\FileHandler' driver.
DEBUG - 2025-08-17 06:11:12 --> Session: Class initialized using 'CodeIgniter\Session\Handlers\FileHandler' driver.
DEBUG - 2025-08-17 06:17:51 --> Session: Class initialized using 'CodeIgniter\Session\Handlers\FileHandler' driver.
DEBUG - 2025-08-17 06:18:03 --> Session: Class initialized using 'CodeIgniter\Session\Handlers\FileHandler' driver.
DEBUG - 2025-08-17 06:18:06 --> Session: Class initialized using 'CodeIgniter\Session\Handlers\FileHandler' driver.
DEBUG - 2025-08-17 06:18:25 --> Session: Class initialized using 'CodeIgniter\Session\Handlers\FileHandler' driver.
WARNING - 2025-08-17 06:18:25 --> [DEPRECATED] Creation of dynamic property App\Controllers\ProductsController::$productGalleryModel is deprecated in APPPATH\Controllers\ProductsController.php on line 19.
 1 SYSTEMPATH\CodeIgniter.php(903): App\Controllers\ProductsController->__construct()
 2 SYSTEMPATH\CodeIgniter.php(498): CodeIgniter\CodeIgniter->createController()
 3 SYSTEMPATH\CodeIgniter.php(354): CodeIgniter\CodeIgniter->handleRequest(null, Object(Config\Cache), false)
 4 SYSTEMPATH\Boot.php(363): CodeIgniter\CodeIgniter->run()
 5 SYSTEMPATH\Boot.php(68): CodeIgniter\Boot::runCodeIgniter(Object(CodeIgniter\CodeIgniter))
 6 FCPATH\index.php(59): CodeIgniter\Boot::bootWeb(Object(Config\Paths))
 7 SYSTEMPATH\rewrite.php(44): require_once('C:\\xampp\\htdocs\\rmb_web\\public\\index.php')
DEBUG - 2025-08-17 06:18:32 --> Session: Class initialized using 'CodeIgniter\Session\Handlers\FileHandler' driver.
WARNING - 2025-08-17 06:18:32 --> [DEPRECATED] Creation of dynamic property App\Controllers\ProductsController::$productGalleryModel is deprecated in APPPATH\Controllers\ProductsController.php on line 19.
 1 SYSTEMPATH\CodeIgniter.php(903): App\Controllers\ProductsController->__construct()
 2 SYSTEMPATH\CodeIgniter.php(498): CodeIgniter\CodeIgniter->createController()
 3 SYSTEMPATH\CodeIgniter.php(354): CodeIgniter\CodeIgniter->handleRequest(null, Object(Config\Cache), false)
 4 SYSTEMPATH\Boot.php(363): CodeIgniter\CodeIgniter->run()
 5 SYSTEMPATH\Boot.php(68): CodeIgniter\Boot::runCodeIgniter(Object(CodeIgniter\CodeIgniter))
 6 FCPATH\index.php(59): CodeIgniter\Boot::bootWeb(Object(Config\Paths))
 7 SYSTEMPATH\rewrite.php(44): require_once('C:\\xampp\\htdocs\\rmb_web\\public\\index.php')
DEBUG - 2025-08-17 06:18:50 --> Session: Class initialized using 'CodeIgniter\Session\Handlers\FileHandler' driver.
DEBUG - 2025-08-17 06:18:51 --> Session: Class initialized using 'CodeIgniter\Session\Handlers\FileHandler' driver.
DEBUG - 2025-08-17 06:21:39 --> Session: Class initialized using 'CodeIgniter\Session\Handlers\FileHandler' driver.
DEBUG - 2025-08-17 06:21:40 --> Session: Class initialized using 'CodeIgniter\Session\Handlers\FileHandler' driver.
DEBUG - 2025-08-17 06:22:16 --> Session: Class initialized using 'CodeIgniter\Session\Handlers\FileHandler' driver.
DEBUG - 2025-08-17 06:22:19 --> Session: Class initialized using 'CodeIgniter\Session\Handlers\FileHandler' driver.
DEBUG - 2025-08-17 06:22:21 --> Session: Class initialized using 'CodeIgniter\Session\Handlers\FileHandler' driver.
DEBUG - 2025-08-17 07:03:18 --> Session: Class initialized using 'CodeIgniter\Session\Handlers\FileHandler' driver.
DEBUG - 2025-08-17 07:03:19 --> Session: Class initialized using 'CodeIgniter\Session\Handlers\FileHandler' driver.
DEBUG - 2025-08-17 07:03:25 --> Session: Class initialized using 'CodeIgniter\Session\Handlers\FileHandler' driver.
DEBUG - 2025-08-17 07:03:25 --> Session: Class initialized using 'CodeIgniter\Session\Handlers\FileHandler' driver.
DEBUG - 2025-08-17 07:04:03 --> Session: Class initialized using 'CodeIgniter\Session\Handlers\FileHandler' driver.
DEBUG - 2025-08-17 07:04:03 --> Session: Class initialized using 'CodeIgniter\Session\Handlers\FileHandler' driver.
DEBUG - 2025-08-17 07:04:09 --> Session: Class initialized using 'CodeIgniter\Session\Handlers\FileHandler' driver.
DEBUG - 2025-08-17 07:04:10 --> Session: Class initialized using 'CodeIgniter\Session\Handlers\FileHandler' driver.
DEBUG - 2025-08-17 07:04:13 --> Session: Class initialized using 'CodeIgniter\Session\Handlers\FileHandler' driver.
DEBUG - 2025-08-17 07:04:13 --> Session: Class initialized using 'CodeIgniter\Session\Handlers\FileHandler' driver.
DEBUG - 2025-08-17 07:04:17 --> Session: Class initialized using 'CodeIgniter\Session\Handlers\FileHandler' driver.
DEBUG - 2025-08-17 07:04:19 --> Session: Class initialized using 'CodeIgniter\Session\Handlers\FileHandler' driver.
DEBUG - 2025-08-17 07:04:19 --> Session: Class initialized using 'CodeIgniter\Session\Handlers\FileHandler' driver.
DEBUG - 2025-08-17 07:04:31 --> Session: Class initialized using 'CodeIgniter\Session\Handlers\FileHandler' driver.
DEBUG - 2025-08-17 07:04:31 --> Session: Class initialized using 'CodeIgniter\Session\Handlers\FileHandler' driver.
DEBUG - 2025-08-17 07:05:03 --> Session: Class initialized using 'CodeIgniter\Session\Handlers\FileHandler' driver.
DEBUG - 2025-08-17 07:05:03 --> Admin ID from session: 2
DEBUG - 2025-08-17 07:05:03 --> Sale inserted with ID: 2
DEBUG - 2025-08-17 07:05:03 --> Sale number used: 202508170002
DEBUG - 2025-08-17 07:05:03 --> Product ID: 2, Available Quantity: 201, Requested: 1
DEBUG - 2025-08-17 07:05:03 --> Reservation result for product 2: {"success":true,"reserved_items":[{"inventory_id":"30","quantity":1}],"remaining_quantity":0}
DEBUG - 2025-08-17 07:05:03 --> Deduction result for product 2: success
DEBUG - 2025-08-17 07:05:03 --> Transaction completed. Status: SUCCESS
DEBUG - 2025-08-17 07:05:03 --> Session: Class initialized using 'CodeIgniter\Session\Handlers\FileHandler' driver.
DEBUG - 2025-08-17 07:05:17 --> Session: Class initialized using 'CodeIgniter\Session\Handlers\FileHandler' driver.
DEBUG - 2025-08-17 07:05:29 --> Session: Class initialized using 'CodeIgniter\Session\Handlers\FileHandler' driver.
DEBUG - 2025-08-17 07:05:30 --> Session: Class initialized using 'CodeIgniter\Session\Handlers\FileHandler' driver.
DEBUG - 2025-08-17 07:08:50 --> Session: Class initialized using 'CodeIgniter\Session\Handlers\FileHandler' driver.
DEBUG - 2025-08-17 07:08:51 --> Session: Class initialized using 'CodeIgniter\Session\Handlers\FileHandler' driver.
DEBUG - 2025-08-17 07:11:01 --> Session: Class initialized using 'CodeIgniter\Session\Handlers\FileHandler' driver.
DEBUG - 2025-08-17 07:11:04 --> Session: Class initialized using 'CodeIgniter\Session\Handlers\FileHandler' driver.
DEBUG - 2025-08-17 07:11:26 --> Session: Class initialized using 'CodeIgniter\Session\Handlers\FileHandler' driver.
DEBUG - 2025-08-17 07:11:27 --> Session: Class initialized using 'CodeIgniter\Session\Handlers\FileHandler' driver.
DEBUG - 2025-08-17 07:11:55 --> Session: Class initialized using 'CodeIgniter\Session\Handlers\FileHandler' driver.
DEBUG - 2025-08-17 07:11:55 --> Session: Class initialized using 'CodeIgniter\Session\Handlers\FileHandler' driver.
DEBUG - 2025-08-17 07:12:05 --> Session: Class initialized using 'CodeIgniter\Session\Handlers\FileHandler' driver.
DEBUG - 2025-08-17 07:12:06 --> Session: Class initialized using 'CodeIgniter\Session\Handlers\FileHandler' driver.
DEBUG - 2025-08-17 07:12:10 --> Session: Class initialized using 'CodeIgniter\Session\Handlers\FileHandler' driver.
DEBUG - 2025-08-17 07:12:13 --> Session: Class initialized using 'CodeIgniter\Session\Handlers\FileHandler' driver.
DEBUG - 2025-08-17 07:12:27 --> Session: Class initialized using 'CodeIgniter\Session\Handlers\FileHandler' driver.
DEBUG - 2025-08-17 07:12:27 --> Session: Class initialized using 'CodeIgniter\Session\Handlers\FileHandler' driver.
DEBUG - 2025-08-17 07:12:29 --> Session: Class initialized using 'CodeIgniter\Session\Handlers\FileHandler' driver.
DEBUG - 2025-08-17 07:12:29 --> Session: Class initialized using 'CodeIgniter\Session\Handlers\FileHandler' driver.
DEBUG - 2025-08-17 07:12:39 --> Session: Class initialized using 'CodeIgniter\Session\Handlers\FileHandler' driver.
DEBUG - 2025-08-17 07:12:40 --> Session: Class initialized using 'CodeIgniter\Session\Handlers\FileHandler' driver.
DEBUG - 2025-08-17 07:13:16 --> Session: Class initialized using 'CodeIgniter\Session\Handlers\FileHandler' driver.
DEBUG - 2025-08-17 07:13:16 --> Session: Class initialized using 'CodeIgniter\Session\Handlers\FileHandler' driver.
DEBUG - 2025-08-17 07:13:20 --> Session: Class initialized using 'CodeIgniter\Session\Handlers\FileHandler' driver.
DEBUG - 2025-08-17 07:13:21 --> Session: Class initialized using 'CodeIgniter\Session\Handlers\FileHandler' driver.
DEBUG - 2025-08-17 07:13:49 --> Session: Class initialized using 'CodeIgniter\Session\Handlers\FileHandler' driver.
DEBUG - 2025-08-17 07:13:50 --> Session: Class initialized using 'CodeIgniter\Session\Handlers\FileHandler' driver.
DEBUG - 2025-08-17 07:13:58 --> Session: Class initialized using 'CodeIgniter\Session\Handlers\FileHandler' driver.
DEBUG - 2025-08-17 07:13:59 --> Session: Class initialized using 'CodeIgniter\Session\Handlers\FileHandler' driver.
DEBUG - 2025-08-17 07:20:28 --> Session: Class initialized using 'CodeIgniter\Session\Handlers\FileHandler' driver.
DEBUG - 2025-08-17 07:20:28 --> Session: Class initialized using 'CodeIgniter\Session\Handlers\FileHandler' driver.
DEBUG - 2025-08-17 07:20:33 --> Session: Class initialized using 'CodeIgniter\Session\Handlers\FileHandler' driver.
DEBUG - 2025-08-17 07:20:34 --> Session: Class initialized using 'CodeIgniter\Session\Handlers\FileHandler' driver.
DEBUG - 2025-08-17 07:29:48 --> Session: Class initialized using 'CodeIgniter\Session\Handlers\FileHandler' driver.
DEBUG - 2025-08-17 07:29:49 --> Session: Class initialized using 'CodeIgniter\Session\Handlers\FileHandler' driver.
DEBUG - 2025-08-17 07:30:53 --> Session: Class initialized using 'CodeIgniter\Session\Handlers\FileHandler' driver.
DEBUG - 2025-08-17 07:30:53 --> Session: Class initialized using 'CodeIgniter\Session\Handlers\FileHandler' driver.
DEBUG - 2025-08-17 07:31:08 --> Session: Class initialized using 'CodeIgniter\Session\Handlers\FileHandler' driver.
DEBUG - 2025-08-17 07:31:09 --> Session: Class initialized using 'CodeIgniter\Session\Handlers\FileHandler' driver.
DEBUG - 2025-08-17 07:31:19 --> Session: Class initialized using 'CodeIgniter\Session\Handlers\FileHandler' driver.
DEBUG - 2025-08-17 07:31:19 --> Session: Class initialized using 'CodeIgniter\Session\Handlers\FileHandler' driver.
DEBUG - 2025-08-17 07:33:38 --> Session: Class initialized using 'CodeIgniter\Session\Handlers\FileHandler' driver.
DEBUG - 2025-08-17 07:33:39 --> Session: Class initialized using 'CodeIgniter\Session\Handlers\FileHandler' driver.
DEBUG - 2025-08-17 07:34:02 --> Session: Class initialized using 'CodeIgniter\Session\Handlers\FileHandler' driver.
DEBUG - 2025-08-17 07:34:03 --> Session: Class initialized using 'CodeIgniter\Session\Handlers\FileHandler' driver.
DEBUG - 2025-08-17 07:36:41 --> Session: Class initialized using 'CodeIgniter\Session\Handlers\FileHandler' driver.
DEBUG - 2025-08-17 07:36:51 --> Session: Class initialized using 'CodeIgniter\Session\Handlers\FileHandler' driver.
DEBUG - 2025-08-17 07:37:06 --> Session: Class initialized using 'CodeIgniter\Session\Handlers\FileHandler' driver.
DEBUG - 2025-08-17 07:37:20 --> Session: Class initialized using 'CodeIgniter\Session\Handlers\FileHandler' driver.
DEBUG - 2025-08-17 07:37:25 --> Session: Class initialized using 'CodeIgniter\Session\Handlers\FileHandler' driver.
DEBUG - 2025-08-17 07:40:19 --> Session: Class initialized using 'CodeIgniter\Session\Handlers\FileHandler' driver.
DEBUG - 2025-08-17 07:40:20 --> Session: Class initialized using 'CodeIgniter\Session\Handlers\FileHandler' driver.
DEBUG - 2025-08-17 07:40:22 --> Session: Class initialized using 'CodeIgniter\Session\Handlers\FileHandler' driver.
DEBUG - 2025-08-17 07:40:23 --> Session: Class initialized using 'CodeIgniter\Session\Handlers\FileHandler' driver.
DEBUG - 2025-08-17 07:40:37 --> Session: Class initialized using 'CodeIgniter\Session\Handlers\FileHandler' driver.
DEBUG - 2025-08-17 07:40:38 --> Session: Class initialized using 'CodeIgniter\Session\Handlers\FileHandler' driver.
DEBUG - 2025-08-17 07:41:42 --> Session: Class initialized using 'CodeIgniter\Session\Handlers\FileHandler' driver.
DEBUG - 2025-08-17 07:41:43 --> Session: Class initialized using 'CodeIgniter\Session\Handlers\FileHandler' driver.
DEBUG - 2025-08-17 07:41:59 --> Session: Class initialized using 'CodeIgniter\Session\Handlers\FileHandler' driver.
DEBUG - 2025-08-17 07:42:00 --> Session: Class initialized using 'CodeIgniter\Session\Handlers\FileHandler' driver.
DEBUG - 2025-08-17 07:42:19 --> Session: Class initialized using 'CodeIgniter\Session\Handlers\FileHandler' driver.
DEBUG - 2025-08-17 07:42:19 --> Admin ID from session: 2
DEBUG - 2025-08-17 07:42:19 --> Sale inserted with ID: 3
DEBUG - 2025-08-17 07:42:19 --> Sale number used: 202508170003
DEBUG - 2025-08-17 07:42:19 --> Product ID: 2, Available Quantity: 200, Requested: 1
DEBUG - 2025-08-17 07:42:19 --> Reservation result for product 2: {"success":true,"reserved_items":[{"inventory_id":"30","quantity":1}],"remaining_quantity":0}
DEBUG - 2025-08-17 07:42:19 --> Deduction result for product 2: success
DEBUG - 2025-08-17 07:42:19 --> Transaction completed. Status: SUCCESS
DEBUG - 2025-08-17 07:42:19 --> Session: Class initialized using 'CodeIgniter\Session\Handlers\FileHandler' driver.
DEBUG - 2025-08-17 07:42:19 --> Admin ID from session: 2
DEBUG - 2025-08-17 07:42:19 --> Sale inserted with ID: 4
DEBUG - 2025-08-17 07:42:19 --> Sale number used: 202508170004
DEBUG - 2025-08-17 07:42:19 --> Product ID: 2, Available Quantity: 199, Requested: 1
DEBUG - 2025-08-17 07:42:19 --> Reservation result for product 2: {"success":true,"reserved_items":[{"inventory_id":"30","quantity":1}],"remaining_quantity":0}
DEBUG - 2025-08-17 07:42:19 --> Deduction result for product 2: success
DEBUG - 2025-08-17 07:42:19 --> Transaction completed. Status: SUCCESS
DEBUG - 2025-08-17 07:42:19 --> Session: Class initialized using 'CodeIgniter\Session\Handlers\FileHandler' driver.
DEBUG - 2025-08-17 07:42:20 --> Session: Class initialized using 'CodeIgniter\Session\Handlers\FileHandler' driver.
DEBUG - 2025-08-17 08:55:22 --> Session: Class initialized using 'CodeIgniter\Session\Handlers\FileHandler' driver.
DEBUG - 2025-08-17 08:55:26 --> Session: Class initialized using 'CodeIgniter\Session\Handlers\FileHandler' driver.
DEBUG - 2025-08-17 08:55:27 --> Session: Class initialized using 'CodeIgniter\Session\Handlers\FileHandler' driver.
DEBUG - 2025-08-17 08:55:41 --> Session: Class initialized using 'CodeIgniter\Session\Handlers\FileHandler' driver.
DEBUG - 2025-08-17 08:55:41 --> Admin ID from session: 2
DEBUG - 2025-08-17 08:55:41 --> Sale inserted with ID: 5
DEBUG - 2025-08-17 08:55:41 --> Sale number used: 202508170005
DEBUG - 2025-08-17 08:55:41 --> Product ID: 2, Available Quantity: 198, Requested: 1
DEBUG - 2025-08-17 08:55:41 --> Reservation result for product 2: {"success":true,"reserved_items":[{"inventory_id":"30","quantity":1}],"remaining_quantity":0}
DEBUG - 2025-08-17 08:55:41 --> Deduction result for product 2: success
DEBUG - 2025-08-17 08:55:41 --> Transaction completed. Status: SUCCESS
DEBUG - 2025-08-17 08:55:41 --> Session: Class initialized using 'CodeIgniter\Session\Handlers\FileHandler' driver.
DEBUG - 2025-08-17 08:55:50 --> Session: Class initialized using 'CodeIgniter\Session\Handlers\FileHandler' driver.
DEBUG - 2025-08-17 08:56:13 --> Session: Class initialized using 'CodeIgniter\Session\Handlers\FileHandler' driver.
WARNING - 2025-08-17 08:56:13 --> [DEPRECATED] Creation of dynamic property App\Controllers\ProductsController::$productGalleryModel is deprecated in APPPATH\Controllers\ProductsController.php on line 19.
 1 SYSTEMPATH\CodeIgniter.php(903): App\Controllers\ProductsController->__construct()
 2 SYSTEMPATH\CodeIgniter.php(498): CodeIgniter\CodeIgniter->createController()
 3 SYSTEMPATH\CodeIgniter.php(354): CodeIgniter\CodeIgniter->handleRequest(null, Object(Config\Cache), false)
 4 SYSTEMPATH\Boot.php(363): CodeIgniter\CodeIgniter->run()
 5 SYSTEMPATH\Boot.php(68): CodeIgniter\Boot::runCodeIgniter(Object(CodeIgniter\CodeIgniter))
 6 FCPATH\index.php(59): CodeIgniter\Boot::bootWeb(Object(Config\Paths))
 7 SYSTEMPATH\rewrite.php(44): require_once('C:\\xampp\\htdocs\\rmb_web\\public\\index.php')
DEBUG - 2025-08-17 08:56:16 --> Session: Class initialized using 'CodeIgniter\Session\Handlers\FileHandler' driver.
WARNING - 2025-08-17 08:56:16 --> [DEPRECATED] Creation of dynamic property App\Controllers\ProductsController::$productGalleryModel is deprecated in APPPATH\Controllers\ProductsController.php on line 19.
 1 SYSTEMPATH\CodeIgniter.php(903): App\Controllers\ProductsController->__construct()
 2 SYSTEMPATH\CodeIgniter.php(498): CodeIgniter\CodeIgniter->createController()
 3 SYSTEMPATH\CodeIgniter.php(354): CodeIgniter\CodeIgniter->handleRequest(null, Object(Config\Cache), false)
 4 SYSTEMPATH\Boot.php(363): CodeIgniter\CodeIgniter->run()
 5 SYSTEMPATH\Boot.php(68): CodeIgniter\Boot::runCodeIgniter(Object(CodeIgniter\CodeIgniter))
 6 FCPATH\index.php(59): CodeIgniter\Boot::bootWeb(Object(Config\Paths))
 7 SYSTEMPATH\rewrite.php(44): require_once('C:\\xampp\\htdocs\\rmb_web\\public\\index.php')
DEBUG - 2025-08-17 12:00:22 --> Session: Class initialized using 'CodeIgniter\Session\Handlers\FileHandler' driver.
DEBUG - 2025-08-17 12:00:23 --> Session: Class initialized using 'CodeIgniter\Session\Handlers\FileHandler' driver.
DEBUG - 2025-08-17 23:39:32 --> Session: Class initialized using 'CodeIgniter\Session\Handlers\FileHandler' driver.
DEBUG - 2025-08-17 23:39:33 --> Session: Class initialized using 'CodeIgniter\Session\Handlers\FileHandler' driver.
DEBUG - 2025-08-17 23:39:46 --> Session: Class initialized using 'CodeIgniter\Session\Handlers\FileHandler' driver.
INFO - 2025-08-17 23:39:46 --> Admin login successful: rainelson@gmail.com
DEBUG - 2025-08-17 23:39:47 --> Session: Class initialized using 'CodeIgniter\Session\Handlers\FileHandler' driver.
DEBUG - 2025-08-17 23:39:50 --> Session: Class initialized using 'CodeIgniter\Session\Handlers\FileHandler' driver.
DEBUG - 2025-08-17 23:39:52 --> Session: Class initialized using 'CodeIgniter\Session\Handlers\FileHandler' driver.
DEBUG - 2025-08-17 23:40:14 --> Session: Class initialized using 'CodeIgniter\Session\Handlers\FileHandler' driver.
DEBUG - 2025-08-17 23:42:08 --> Session: Class initialized using 'CodeIgniter\Session\Handlers\FileHandler' driver.
DEBUG - 2025-08-17 23:42:10 --> Session: Class initialized using 'CodeIgniter\Session\Handlers\FileHandler' driver.
DEBUG - 2025-08-17 23:42:15 --> Session: Class initialized using 'CodeIgniter\Session\Handlers\FileHandler' driver.
DEBUG - 2025-08-17 23:43:37 --> Session: Class initialized using 'CodeIgniter\Session\Handlers\FileHandler' driver.
DEBUG - 2025-08-17 23:43:40 --> Session: Class initialized using 'CodeIgniter\Session\Handlers\FileHandler' driver.
DEBUG - 2025-08-17 23:43:47 --> Session: Class initialized using 'CodeIgniter\Session\Handlers\FileHandler' driver.
DEBUG - 2025-08-17 23:43:50 --> Session: Class initialized using 'CodeIgniter\Session\Handlers\FileHandler' driver.
DEBUG - 2025-08-17 23:43:55 --> Session: Class initialized using 'CodeIgniter\Session\Handlers\FileHandler' driver.
DEBUG - 2025-08-17 23:43:58 --> Session: Class initialized using 'CodeIgniter\Session\Handlers\FileHandler' driver.
DEBUG - 2025-08-17 23:44:00 --> Session: Class initialized using 'CodeIgniter\Session\Handlers\FileHandler' driver.
DEBUG - 2025-08-17 23:44:05 --> Session: Class initialized using 'CodeIgniter\Session\Handlers\FileHandler' driver.
DEBUG - 2025-08-17 23:44:12 --> Session: Class initialized using 'CodeIgniter\Session\Handlers\FileHandler' driver.
DEBUG - 2025-08-17 23:44:14 --> Session: Class initialized using 'CodeIgniter\Session\Handlers\FileHandler' driver.
DEBUG - 2025-08-17 23:44:30 --> Session: Class initialized using 'CodeIgniter\Session\Handlers\FileHandler' driver.
DEBUG - 2025-08-17 23:44:34 --> Session: Class initialized using 'CodeIgniter\Session\Handlers\FileHandler' driver.
DEBUG - 2025-08-17 23:44:35 --> Session: Class initialized using 'CodeIgniter\Session\Handlers\FileHandler' driver.
DEBUG - 2025-08-17 23:44:52 --> Session: Class initialized using 'CodeIgniter\Session\Handlers\FileHandler' driver.
DEBUG - 2025-08-17 23:44:53 --> Admin ID from session: 2
DEBUG - 2025-08-17 23:44:53 --> Sale inserted with ID: 6
DEBUG - 2025-08-17 23:44:53 --> Sale number used: 202508170001
DEBUG - 2025-08-17 23:44:53 --> Product ID: 1, Available Quantity: 196, Requested: 1
DEBUG - 2025-08-17 23:44:53 --> Reservation result for product 1: {"success":true,"reserved_items":[{"inventory_id":"1","quantity":1}],"remaining_quantity":0}
DEBUG - 2025-08-17 23:44:53 --> Deduction result for product 1: success
DEBUG - 2025-08-17 23:44:53 --> Transaction completed. Status: SUCCESS
DEBUG - 2025-08-17 23:44:53 --> Session: Class initialized using 'CodeIgniter\Session\Handlers\FileHandler' driver.
DEBUG - 2025-08-17 23:46:57 --> Session: Class initialized using 'CodeIgniter\Session\Handlers\FileHandler' driver.
DEBUG - 2025-08-17 23:47:01 --> Session: Class initialized using 'CodeIgniter\Session\Handlers\FileHandler' driver.
DEBUG - 2025-08-17 23:49:23 --> Session: Class initialized using 'CodeIgniter\Session\Handlers\FileHandler' driver.
DEBUG - 2025-08-17 23:49:25 --> Session: Class initialized using 'CodeIgniter\Session\Handlers\FileHandler' driver.
DEBUG - 2025-08-17 23:52:47 --> Session: Class initialized using 'CodeIgniter\Session\Handlers\FileHandler' driver.
DEBUG - 2025-08-17 23:52:52 --> Session: Class initialized using 'CodeIgniter\Session\Handlers\FileHandler' driver.
DEBUG - 2025-08-17 23:53:18 --> Session: Class initialized using 'CodeIgniter\Session\Handlers\FileHandler' driver.
DEBUG - 2025-08-17 23:56:02 --> Session: Class initialized using 'CodeIgniter\Session\Handlers\FileHandler' driver.
DEBUG - 2025-08-17 23:56:12 --> Session: Class initialized using 'CodeIgniter\Session\Handlers\FileHandler' driver.
DEBUG - 2025-08-17 23:57:21 --> Session: Class initialized using 'CodeIgniter\Session\Handlers\FileHandler' driver.
DEBUG - 2025-08-17 23:57:27 --> Session: Class initialized using 'CodeIgniter\Session\Handlers\FileHandler' driver.
DEBUG - 2025-08-17 23:57:30 --> Session: Class initialized using 'CodeIgniter\Session\Handlers\FileHandler' driver.
DEBUG - 2025-08-17 23:57:34 --> Session: Class initialized using 'CodeIgniter\Session\Handlers\FileHandler' driver.
DEBUG - 2025-08-17 23:59:22 --> Session: Class initialized using 'CodeIgniter\Session\Handlers\FileHandler' driver.
DEBUG - 2025-08-17 23:59:27 --> Session: Class initialized using 'CodeIgniter\Session\Handlers\FileHandler' driver.
DEBUG - 2025-08-17 23:59:37 --> Session: Class initialized using 'CodeIgniter\Session\Handlers\FileHandler' driver.
DEBUG - 2025-08-17 23:59:41 --> Session: Class initialized using 'CodeIgniter\Session\Handlers\FileHandler' driver.
DEBUG - 2025-08-17 23:59:48 --> Session: Class initialized using 'CodeIgniter\Session\Handlers\FileHandler' driver.
DEBUG - 2025-08-17 23:59:52 --> Session: Class initialized using 'CodeIgniter\Session\Handlers\FileHandler' driver.
